[2024-12-02 11:39:13] local.ERROR: Your configuration files are not serializable. {"exception":"[object] (LogicException(code: 0): Your configuration files are not serializable. at /mnt/01D9961CD1E189D0/BWS/0_PROJECTS/Hillstay/Hillstay-MVP/vendor/laravel/framework/src/Illuminate/Foundation/Console/ConfigCacheCommand.php:84)
[stacktrace]
#0 /mnt/01D9961CD1E189D0/BWS/0_PROJECTS/Hillstay/Hillstay-MVP/vendor/laravel/framework/src/Illuminate/Container/BoundMethod.php(36): Illuminate\\Foundation\\Console\\ConfigCacheCommand->handle()
#1 /mnt/01D9961CD1E189D0/BWS/0_PROJECTS/Hillstay/Hillstay-MVP/vendor/laravel/framework/src/Illuminate/Container/Util.php(41): Illuminate\\Container\\BoundMethod::Illuminate\\Container\\{closure}()
#2 /mnt/01D9961CD1E189D0/BWS/0_PROJECTS/Hillstay/Hillstay-MVP/vendor/laravel/framework/src/Illuminate/Container/BoundMethod.php(93): Illuminate\\Container\\Util::unwrapIfClosure()
#3 /mnt/01D9961CD1E189D0/BWS/0_PROJECTS/Hillstay/Hillstay-MVP/vendor/laravel/framework/src/Illuminate/Container/BoundMethod.php(35): Illuminate\\Container\\BoundMethod::callBoundMethod()
#4 /mnt/01D9961CD1E189D0/BWS/0_PROJECTS/Hillstay/Hillstay-MVP/vendor/laravel/framework/src/Illuminate/Container/Container.php(661): Illuminate\\Container\\BoundMethod::call()
#5 /mnt/01D9961CD1E189D0/BWS/0_PROJECTS/Hillstay/Hillstay-MVP/vendor/laravel/framework/src/Illuminate/Console/Command.php(183): Illuminate\\Container\\Container->call()
#6 /mnt/01D9961CD1E189D0/BWS/0_PROJECTS/Hillstay/Hillstay-MVP/vendor/symfony/console/Command/Command.php(326): Illuminate\\Console\\Command->execute()
#7 /mnt/01D9961CD1E189D0/BWS/0_PROJECTS/Hillstay/Hillstay-MVP/vendor/laravel/framework/src/Illuminate/Console/Command.php(152): Symfony\\Component\\Console\\Command\\Command->run()
#8 /mnt/01D9961CD1E189D0/BWS/0_PROJECTS/Hillstay/Hillstay-MVP/vendor/laravel/framework/src/Illuminate/Console/Concerns/CallsCommands.php(67): Illuminate\\Console\\Command->run()
#9 /mnt/01D9961CD1E189D0/BWS/0_PROJECTS/Hillstay/Hillstay-MVP/vendor/laravel/framework/src/Illuminate/Console/Concerns/CallsCommands.php(40): Illuminate\\Console\\Command->runCommand()
#10 /mnt/01D9961CD1E189D0/BWS/0_PROJECTS/Hillstay/Hillstay-MVP/vendor/laravel/framework/src/Illuminate/Foundation/Console/OptimizeCommand.php(46): Illuminate\\Console\\Command->callSilent()
#11 /mnt/01D9961CD1E189D0/BWS/0_PROJECTS/Hillstay/Hillstay-MVP/vendor/laravel/framework/src/Illuminate/Console/View/Components/Task.php(37): Illuminate\\Foundation\\Console\\OptimizeCommand->Illuminate\\Foundation\\Console\\{closure}()
#12 /mnt/01D9961CD1E189D0/BWS/0_PROJECTS/Hillstay/Hillstay-MVP/vendor/laravel/framework/src/Illuminate/Console/View/Components/Factory.php(58): Illuminate\\Console\\View\\Components\\Task->render()
#13 /mnt/01D9961CD1E189D0/BWS/0_PROJECTS/Hillstay/Hillstay-MVP/vendor/laravel/framework/src/Illuminate/Foundation/Console/OptimizeCommand.php(48): Illuminate\\Console\\View\\Components\\Factory->__call()
#14 /mnt/01D9961CD1E189D0/BWS/0_PROJECTS/Hillstay/Hillstay-MVP/vendor/laravel/framework/src/Illuminate/Collections/Traits/EnumeratesValues.php(235): Illuminate\\Foundation\\Console\\OptimizeCommand->Illuminate\\Foundation\\Console\\{closure}()
#15 /mnt/01D9961CD1E189D0/BWS/0_PROJECTS/Hillstay/Hillstay-MVP/vendor/laravel/framework/src/Illuminate/Foundation/Console/OptimizeCommand.php(48): Illuminate\\Support\\Collection->each()
#16 /mnt/01D9961CD1E189D0/BWS/0_PROJECTS/Hillstay/Hillstay-MVP/vendor/laravel/framework/src/Illuminate/Container/BoundMethod.php(36): Illuminate\\Foundation\\Console\\OptimizeCommand->handle()
#17 /mnt/01D9961CD1E189D0/BWS/0_PROJECTS/Hillstay/Hillstay-MVP/vendor/laravel/framework/src/Illuminate/Container/Util.php(41): Illuminate\\Container\\BoundMethod::Illuminate\\Container\\{closure}()
#18 /mnt/01D9961CD1E189D0/BWS/0_PROJECTS/Hillstay/Hillstay-MVP/vendor/laravel/framework/src/Illuminate/Container/BoundMethod.php(93): Illuminate\\Container\\Util::unwrapIfClosure()
#19 /mnt/01D9961CD1E189D0/BWS/0_PROJECTS/Hillstay/Hillstay-MVP/vendor/laravel/framework/src/Illuminate/Container/BoundMethod.php(35): Illuminate\\Container\\BoundMethod::callBoundMethod()
#20 /mnt/01D9961CD1E189D0/BWS/0_PROJECTS/Hillstay/Hillstay-MVP/vendor/laravel/framework/src/Illuminate/Container/Container.php(661): Illuminate\\Container\\BoundMethod::call()
#21 /mnt/01D9961CD1E189D0/BWS/0_PROJECTS/Hillstay/Hillstay-MVP/vendor/laravel/framework/src/Illuminate/Console/Command.php(183): Illuminate\\Container\\Container->call()
#22 /mnt/01D9961CD1E189D0/BWS/0_PROJECTS/Hillstay/Hillstay-MVP/vendor/symfony/console/Command/Command.php(326): Illuminate\\Console\\Command->execute()
#23 /mnt/01D9961CD1E189D0/BWS/0_PROJECTS/Hillstay/Hillstay-MVP/vendor/laravel/framework/src/Illuminate/Console/Command.php(152): Symfony\\Component\\Console\\Command\\Command->run()
#24 /mnt/01D9961CD1E189D0/BWS/0_PROJECTS/Hillstay/Hillstay-MVP/vendor/symfony/console/Application.php(1078): Illuminate\\Console\\Command->run()
#25 /mnt/01D9961CD1E189D0/BWS/0_PROJECTS/Hillstay/Hillstay-MVP/vendor/symfony/console/Application.php(324): Symfony\\Component\\Console\\Application->doRunCommand()
#26 /mnt/01D9961CD1E189D0/BWS/0_PROJECTS/Hillstay/Hillstay-MVP/vendor/symfony/console/Application.php(175): Symfony\\Component\\Console\\Application->doRun()
#27 /mnt/01D9961CD1E189D0/BWS/0_PROJECTS/Hillstay/Hillstay-MVP/vendor/laravel/framework/src/Illuminate/Console/Application.php(102): Symfony\\Component\\Console\\Application->run()
#28 /mnt/01D9961CD1E189D0/BWS/0_PROJECTS/Hillstay/Hillstay-MVP/vendor/laravel/framework/src/Illuminate/Foundation/Console/Kernel.php(155): Illuminate\\Console\\Application->run()
#29 /mnt/01D9961CD1E189D0/BWS/0_PROJECTS/Hillstay/Hillstay-MVP/artisan(38): Illuminate\\Foundation\\Console\\Kernel->handle()
#30 {main}

[previous exception] [object] (Error(code: 0): Call to undefined method Illuminate\\Validation\\Rules\\Password::__set_state() at /mnt/01D9961CD1E189D0/BWS/0_PROJECTS/Hillstay/Hillstay-MVP/bootstrap/cache/config.php:914)
[stacktrace]
#0 /mnt/01D9961CD1E189D0/BWS/0_PROJECTS/Hillstay/Hillstay-MVP/vendor/laravel/framework/src/Illuminate/Foundation/Console/ConfigCacheCommand.php(80): require()
#1 /mnt/01D9961CD1E189D0/BWS/0_PROJECTS/Hillstay/Hillstay-MVP/vendor/laravel/framework/src/Illuminate/Container/BoundMethod.php(36): Illuminate\\Foundation\\Console\\ConfigCacheCommand->handle()
#2 /mnt/01D9961CD1E189D0/BWS/0_PROJECTS/Hillstay/Hillstay-MVP/vendor/laravel/framework/src/Illuminate/Container/Util.php(41): Illuminate\\Container\\BoundMethod::Illuminate\\Container\\{closure}()
#3 /mnt/01D9961CD1E189D0/BWS/0_PROJECTS/Hillstay/Hillstay-MVP/vendor/laravel/framework/src/Illuminate/Container/BoundMethod.php(93): Illuminate\\Container\\Util::unwrapIfClosure()
#4 /mnt/01D9961CD1E189D0/BWS/0_PROJECTS/Hillstay/Hillstay-MVP/vendor/laravel/framework/src/Illuminate/Container/BoundMethod.php(35): Illuminate\\Container\\BoundMethod::callBoundMethod()
#5 /mnt/01D9961CD1E189D0/BWS/0_PROJECTS/Hillstay/Hillstay-MVP/vendor/laravel/framework/src/Illuminate/Container/Container.php(661): Illuminate\\Container\\BoundMethod::call()
#6 /mnt/01D9961CD1E189D0/BWS/0_PROJECTS/Hillstay/Hillstay-MVP/vendor/laravel/framework/src/Illuminate/Console/Command.php(183): Illuminate\\Container\\Container->call()
#7 /mnt/01D9961CD1E189D0/BWS/0_PROJECTS/Hillstay/Hillstay-MVP/vendor/symfony/console/Command/Command.php(326): Illuminate\\Console\\Command->execute()
#8 /mnt/01D9961CD1E189D0/BWS/0_PROJECTS/Hillstay/Hillstay-MVP/vendor/laravel/framework/src/Illuminate/Console/Command.php(152): Symfony\\Component\\Console\\Command\\Command->run()
#9 /mnt/01D9961CD1E189D0/BWS/0_PROJECTS/Hillstay/Hillstay-MVP/vendor/laravel/framework/src/Illuminate/Console/Concerns/CallsCommands.php(67): Illuminate\\Console\\Command->run()
#10 /mnt/01D9961CD1E189D0/BWS/0_PROJECTS/Hillstay/Hillstay-MVP/vendor/laravel/framework/src/Illuminate/Console/Concerns/CallsCommands.php(40): Illuminate\\Console\\Command->runCommand()
#11 /mnt/01D9961CD1E189D0/BWS/0_PROJECTS/Hillstay/Hillstay-MVP/vendor/laravel/framework/src/Illuminate/Foundation/Console/OptimizeCommand.php(46): Illuminate\\Console\\Command->callSilent()
#12 /mnt/01D9961CD1E189D0/BWS/0_PROJECTS/Hillstay/Hillstay-MVP/vendor/laravel/framework/src/Illuminate/Console/View/Components/Task.php(37): Illuminate\\Foundation\\Console\\OptimizeCommand->Illuminate\\Foundation\\Console\\{closure}()
#13 /mnt/01D9961CD1E189D0/BWS/0_PROJECTS/Hillstay/Hillstay-MVP/vendor/laravel/framework/src/Illuminate/Console/View/Components/Factory.php(58): Illuminate\\Console\\View\\Components\\Task->render()
#14 /mnt/01D9961CD1E189D0/BWS/0_PROJECTS/Hillstay/Hillstay-MVP/vendor/laravel/framework/src/Illuminate/Foundation/Console/OptimizeCommand.php(48): Illuminate\\Console\\View\\Components\\Factory->__call()
#15 /mnt/01D9961CD1E189D0/BWS/0_PROJECTS/Hillstay/Hillstay-MVP/vendor/laravel/framework/src/Illuminate/Collections/Traits/EnumeratesValues.php(235): Illuminate\\Foundation\\Console\\OptimizeCommand->Illuminate\\Foundation\\Console\\{closure}()
#16 /mnt/01D9961CD1E189D0/BWS/0_PROJECTS/Hillstay/Hillstay-MVP/vendor/laravel/framework/src/Illuminate/Foundation/Console/OptimizeCommand.php(48): Illuminate\\Support\\Collection->each()
#17 /mnt/01D9961CD1E189D0/BWS/0_PROJECTS/Hillstay/Hillstay-MVP/vendor/laravel/framework/src/Illuminate/Container/BoundMethod.php(36): Illuminate\\Foundation\\Console\\OptimizeCommand->handle()
#18 /mnt/01D9961CD1E189D0/BWS/0_PROJECTS/Hillstay/Hillstay-MVP/vendor/laravel/framework/src/Illuminate/Container/Util.php(41): Illuminate\\Container\\BoundMethod::Illuminate\\Container\\{closure}()
#19 /mnt/01D9961CD1E189D0/BWS/0_PROJECTS/Hillstay/Hillstay-MVP/vendor/laravel/framework/src/Illuminate/Container/BoundMethod.php(93): Illuminate\\Container\\Util::unwrapIfClosure()
#20 /mnt/01D9961CD1E189D0/BWS/0_PROJECTS/Hillstay/Hillstay-MVP/vendor/laravel/framework/src/Illuminate/Container/BoundMethod.php(35): Illuminate\\Container\\BoundMethod::callBoundMethod()
#21 /mnt/01D9961CD1E189D0/BWS/0_PROJECTS/Hillstay/Hillstay-MVP/vendor/laravel/framework/src/Illuminate/Container/Container.php(661): Illuminate\\Container\\BoundMethod::call()
#22 /mnt/01D9961CD1E189D0/BWS/0_PROJECTS/Hillstay/Hillstay-MVP/vendor/laravel/framework/src/Illuminate/Console/Command.php(183): Illuminate\\Container\\Container->call()
#23 /mnt/01D9961CD1E189D0/BWS/0_PROJECTS/Hillstay/Hillstay-MVP/vendor/symfony/console/Command/Command.php(326): Illuminate\\Console\\Command->execute()
#24 /mnt/01D9961CD1E189D0/BWS/0_PROJECTS/Hillstay/Hillstay-MVP/vendor/laravel/framework/src/Illuminate/Console/Command.php(152): Symfony\\Component\\Console\\Command\\Command->run()
#25 /mnt/01D9961CD1E189D0/BWS/0_PROJECTS/Hillstay/Hillstay-MVP/vendor/symfony/console/Application.php(1078): Illuminate\\Console\\Command->run()
#26 /mnt/01D9961CD1E189D0/BWS/0_PROJECTS/Hillstay/Hillstay-MVP/vendor/symfony/console/Application.php(324): Symfony\\Component\\Console\\Application->doRunCommand()
#27 /mnt/01D9961CD1E189D0/BWS/0_PROJECTS/Hillstay/Hillstay-MVP/vendor/symfony/console/Application.php(175): Symfony\\Component\\Console\\Application->doRun()
#28 /mnt/01D9961CD1E189D0/BWS/0_PROJECTS/Hillstay/Hillstay-MVP/vendor/laravel/framework/src/Illuminate/Console/Application.php(102): Symfony\\Component\\Console\\Application->run()
#29 /mnt/01D9961CD1E189D0/BWS/0_PROJECTS/Hillstay/Hillstay-MVP/vendor/laravel/framework/src/Illuminate/Foundation/Console/Kernel.php(155): Illuminate\\Console\\Application->run()
#30 /mnt/01D9961CD1E189D0/BWS/0_PROJECTS/Hillstay/Hillstay-MVP/artisan(38): Illuminate\\Foundation\\Console\\Kernel->handle()
#31 {main}
"} 
[2024-12-02 11:41:14] local.ERROR: Unable to prepare route [media/folder] for serialization. Another route has already been assigned name [media.folder.index]. {"exception":"[object] (LogicException(code: 0): Unable to prepare route [media/folder] for serialization. Another route has already been assigned name [media.folder.index]. at /mnt/01D9961CD1E189D0/BWS/0_PROJECTS/Hillstay/Hillstay-MVP/vendor/laravel/framework/src/Illuminate/Routing/AbstractRouteCollection.php:247)
[stacktrace]
#0 /mnt/01D9961CD1E189D0/BWS/0_PROJECTS/Hillstay/Hillstay-MVP/vendor/laravel/framework/src/Illuminate/Routing/AbstractRouteCollection.php(208): Illuminate\\Routing\\AbstractRouteCollection->addToSymfonyRoutesCollection()
#1 /mnt/01D9961CD1E189D0/BWS/0_PROJECTS/Hillstay/Hillstay-MVP/vendor/laravel/framework/src/Illuminate/Routing/RouteCollection.php(246): Illuminate\\Routing\\AbstractRouteCollection->toSymfonyRouteCollection()
#2 /mnt/01D9961CD1E189D0/BWS/0_PROJECTS/Hillstay/Hillstay-MVP/vendor/laravel/framework/src/Illuminate/Routing/AbstractRouteCollection.php(192): Illuminate\\Routing\\RouteCollection->toSymfonyRouteCollection()
#3 /mnt/01D9961CD1E189D0/BWS/0_PROJECTS/Hillstay/Hillstay-MVP/vendor/laravel/framework/src/Illuminate/Routing/AbstractRouteCollection.php(163): Illuminate\\Routing\\AbstractRouteCollection->dumper()
#4 /mnt/01D9961CD1E189D0/BWS/0_PROJECTS/Hillstay/Hillstay-MVP/vendor/laravel/framework/src/Illuminate/Foundation/Console/RouteCacheCommand.php(120): Illuminate\\Routing\\AbstractRouteCollection->compile()
#5 /mnt/01D9961CD1E189D0/BWS/0_PROJECTS/Hillstay/Hillstay-MVP/vendor/laravel/framework/src/Illuminate/Foundation/Console/RouteCacheCommand.php(79): Illuminate\\Foundation\\Console\\RouteCacheCommand->buildRouteCacheFile()
#6 /mnt/01D9961CD1E189D0/BWS/0_PROJECTS/Hillstay/Hillstay-MVP/vendor/laravel/framework/src/Illuminate/Container/BoundMethod.php(36): Illuminate\\Foundation\\Console\\RouteCacheCommand->handle()
#7 /mnt/01D9961CD1E189D0/BWS/0_PROJECTS/Hillstay/Hillstay-MVP/vendor/laravel/framework/src/Illuminate/Container/Util.php(41): Illuminate\\Container\\BoundMethod::Illuminate\\Container\\{closure}()
#8 /mnt/01D9961CD1E189D0/BWS/0_PROJECTS/Hillstay/Hillstay-MVP/vendor/laravel/framework/src/Illuminate/Container/BoundMethod.php(93): Illuminate\\Container\\Util::unwrapIfClosure()
#9 /mnt/01D9961CD1E189D0/BWS/0_PROJECTS/Hillstay/Hillstay-MVP/vendor/laravel/framework/src/Illuminate/Container/BoundMethod.php(35): Illuminate\\Container\\BoundMethod::callBoundMethod()
#10 /mnt/01D9961CD1E189D0/BWS/0_PROJECTS/Hillstay/Hillstay-MVP/vendor/laravel/framework/src/Illuminate/Container/Container.php(661): Illuminate\\Container\\BoundMethod::call()
#11 /mnt/01D9961CD1E189D0/BWS/0_PROJECTS/Hillstay/Hillstay-MVP/vendor/laravel/framework/src/Illuminate/Console/Command.php(183): Illuminate\\Container\\Container->call()
#12 /mnt/01D9961CD1E189D0/BWS/0_PROJECTS/Hillstay/Hillstay-MVP/vendor/symfony/console/Command/Command.php(326): Illuminate\\Console\\Command->execute()
#13 /mnt/01D9961CD1E189D0/BWS/0_PROJECTS/Hillstay/Hillstay-MVP/vendor/laravel/framework/src/Illuminate/Console/Command.php(152): Symfony\\Component\\Console\\Command\\Command->run()
#14 /mnt/01D9961CD1E189D0/BWS/0_PROJECTS/Hillstay/Hillstay-MVP/vendor/laravel/framework/src/Illuminate/Console/Concerns/CallsCommands.php(67): Illuminate\\Console\\Command->run()
#15 /mnt/01D9961CD1E189D0/BWS/0_PROJECTS/Hillstay/Hillstay-MVP/vendor/laravel/framework/src/Illuminate/Console/Concerns/CallsCommands.php(40): Illuminate\\Console\\Command->runCommand()
#16 /mnt/01D9961CD1E189D0/BWS/0_PROJECTS/Hillstay/Hillstay-MVP/vendor/laravel/framework/src/Illuminate/Foundation/Console/OptimizeCommand.php(47): Illuminate\\Console\\Command->callSilent()
#17 /mnt/01D9961CD1E189D0/BWS/0_PROJECTS/Hillstay/Hillstay-MVP/vendor/laravel/framework/src/Illuminate/Console/View/Components/Task.php(37): Illuminate\\Foundation\\Console\\OptimizeCommand->Illuminate\\Foundation\\Console\\{closure}()
#18 /mnt/01D9961CD1E189D0/BWS/0_PROJECTS/Hillstay/Hillstay-MVP/vendor/laravel/framework/src/Illuminate/Console/View/Components/Factory.php(58): Illuminate\\Console\\View\\Components\\Task->render()
#19 /mnt/01D9961CD1E189D0/BWS/0_PROJECTS/Hillstay/Hillstay-MVP/vendor/laravel/framework/src/Illuminate/Foundation/Console/OptimizeCommand.php(48): Illuminate\\Console\\View\\Components\\Factory->__call()
#20 /mnt/01D9961CD1E189D0/BWS/0_PROJECTS/Hillstay/Hillstay-MVP/vendor/laravel/framework/src/Illuminate/Collections/Traits/EnumeratesValues.php(235): Illuminate\\Foundation\\Console\\OptimizeCommand->Illuminate\\Foundation\\Console\\{closure}()
#21 /mnt/01D9961CD1E189D0/BWS/0_PROJECTS/Hillstay/Hillstay-MVP/vendor/laravel/framework/src/Illuminate/Foundation/Console/OptimizeCommand.php(48): Illuminate\\Support\\Collection->each()
#22 /mnt/01D9961CD1E189D0/BWS/0_PROJECTS/Hillstay/Hillstay-MVP/vendor/laravel/framework/src/Illuminate/Container/BoundMethod.php(36): Illuminate\\Foundation\\Console\\OptimizeCommand->handle()
#23 /mnt/01D9961CD1E189D0/BWS/0_PROJECTS/Hillstay/Hillstay-MVP/vendor/laravel/framework/src/Illuminate/Container/Util.php(41): Illuminate\\Container\\BoundMethod::Illuminate\\Container\\{closure}()
#24 /mnt/01D9961CD1E189D0/BWS/0_PROJECTS/Hillstay/Hillstay-MVP/vendor/laravel/framework/src/Illuminate/Container/BoundMethod.php(93): Illuminate\\Container\\Util::unwrapIfClosure()
#25 /mnt/01D9961CD1E189D0/BWS/0_PROJECTS/Hillstay/Hillstay-MVP/vendor/laravel/framework/src/Illuminate/Container/BoundMethod.php(35): Illuminate\\Container\\BoundMethod::callBoundMethod()
#26 /mnt/01D9961CD1E189D0/BWS/0_PROJECTS/Hillstay/Hillstay-MVP/vendor/laravel/framework/src/Illuminate/Container/Container.php(661): Illuminate\\Container\\BoundMethod::call()
#27 /mnt/01D9961CD1E189D0/BWS/0_PROJECTS/Hillstay/Hillstay-MVP/vendor/laravel/framework/src/Illuminate/Console/Command.php(183): Illuminate\\Container\\Container->call()
#28 /mnt/01D9961CD1E189D0/BWS/0_PROJECTS/Hillstay/Hillstay-MVP/vendor/symfony/console/Command/Command.php(326): Illuminate\\Console\\Command->execute()
#29 /mnt/01D9961CD1E189D0/BWS/0_PROJECTS/Hillstay/Hillstay-MVP/vendor/laravel/framework/src/Illuminate/Console/Command.php(152): Symfony\\Component\\Console\\Command\\Command->run()
#30 /mnt/01D9961CD1E189D0/BWS/0_PROJECTS/Hillstay/Hillstay-MVP/vendor/symfony/console/Application.php(1078): Illuminate\\Console\\Command->run()
#31 /mnt/01D9961CD1E189D0/BWS/0_PROJECTS/Hillstay/Hillstay-MVP/vendor/symfony/console/Application.php(324): Symfony\\Component\\Console\\Application->doRunCommand()
#32 /mnt/01D9961CD1E189D0/BWS/0_PROJECTS/Hillstay/Hillstay-MVP/vendor/symfony/console/Application.php(175): Symfony\\Component\\Console\\Application->doRun()
#33 /mnt/01D9961CD1E189D0/BWS/0_PROJECTS/Hillstay/Hillstay-MVP/vendor/laravel/framework/src/Illuminate/Console/Application.php(102): Symfony\\Component\\Console\\Application->run()
#34 /mnt/01D9961CD1E189D0/BWS/0_PROJECTS/Hillstay/Hillstay-MVP/vendor/laravel/framework/src/Illuminate/Foundation/Console/Kernel.php(155): Illuminate\\Console\\Application->run()
#35 /mnt/01D9961CD1E189D0/BWS/0_PROJECTS/Hillstay/Hillstay-MVP/artisan(38): Illuminate\\Foundation\\Console\\Kernel->handle()
#36 {main}
"} 
[2024-12-02 11:42:43] local.ERROR: Unable to prepare route [user/permanently_delete] for serialization. Another route has already been assigned name [user.permanently.delete]. {"exception":"[object] (LogicException(code: 0): Unable to prepare route [user/permanently_delete] for serialization. Another route has already been assigned name [user.permanently.delete]. at /mnt/01D9961CD1E189D0/BWS/0_PROJECTS/Hillstay/Hillstay-MVP/vendor/laravel/framework/src/Illuminate/Routing/AbstractRouteCollection.php:247)
[stacktrace]
#0 /mnt/01D9961CD1E189D0/BWS/0_PROJECTS/Hillstay/Hillstay-MVP/vendor/laravel/framework/src/Illuminate/Routing/AbstractRouteCollection.php(208): Illuminate\\Routing\\AbstractRouteCollection->addToSymfonyRoutesCollection()
#1 /mnt/01D9961CD1E189D0/BWS/0_PROJECTS/Hillstay/Hillstay-MVP/vendor/laravel/framework/src/Illuminate/Routing/RouteCollection.php(246): Illuminate\\Routing\\AbstractRouteCollection->toSymfonyRouteCollection()
#2 /mnt/01D9961CD1E189D0/BWS/0_PROJECTS/Hillstay/Hillstay-MVP/vendor/laravel/framework/src/Illuminate/Routing/AbstractRouteCollection.php(192): Illuminate\\Routing\\RouteCollection->toSymfonyRouteCollection()
#3 /mnt/01D9961CD1E189D0/BWS/0_PROJECTS/Hillstay/Hillstay-MVP/vendor/laravel/framework/src/Illuminate/Routing/AbstractRouteCollection.php(163): Illuminate\\Routing\\AbstractRouteCollection->dumper()
#4 /mnt/01D9961CD1E189D0/BWS/0_PROJECTS/Hillstay/Hillstay-MVP/vendor/laravel/framework/src/Illuminate/Foundation/Console/RouteCacheCommand.php(120): Illuminate\\Routing\\AbstractRouteCollection->compile()
#5 /mnt/01D9961CD1E189D0/BWS/0_PROJECTS/Hillstay/Hillstay-MVP/vendor/laravel/framework/src/Illuminate/Foundation/Console/RouteCacheCommand.php(79): Illuminate\\Foundation\\Console\\RouteCacheCommand->buildRouteCacheFile()
#6 /mnt/01D9961CD1E189D0/BWS/0_PROJECTS/Hillstay/Hillstay-MVP/vendor/laravel/framework/src/Illuminate/Container/BoundMethod.php(36): Illuminate\\Foundation\\Console\\RouteCacheCommand->handle()
#7 /mnt/01D9961CD1E189D0/BWS/0_PROJECTS/Hillstay/Hillstay-MVP/vendor/laravel/framework/src/Illuminate/Container/Util.php(41): Illuminate\\Container\\BoundMethod::Illuminate\\Container\\{closure}()
#8 /mnt/01D9961CD1E189D0/BWS/0_PROJECTS/Hillstay/Hillstay-MVP/vendor/laravel/framework/src/Illuminate/Container/BoundMethod.php(93): Illuminate\\Container\\Util::unwrapIfClosure()
#9 /mnt/01D9961CD1E189D0/BWS/0_PROJECTS/Hillstay/Hillstay-MVP/vendor/laravel/framework/src/Illuminate/Container/BoundMethod.php(35): Illuminate\\Container\\BoundMethod::callBoundMethod()
#10 /mnt/01D9961CD1E189D0/BWS/0_PROJECTS/Hillstay/Hillstay-MVP/vendor/laravel/framework/src/Illuminate/Container/Container.php(661): Illuminate\\Container\\BoundMethod::call()
#11 /mnt/01D9961CD1E189D0/BWS/0_PROJECTS/Hillstay/Hillstay-MVP/vendor/laravel/framework/src/Illuminate/Console/Command.php(183): Illuminate\\Container\\Container->call()
#12 /mnt/01D9961CD1E189D0/BWS/0_PROJECTS/Hillstay/Hillstay-MVP/vendor/symfony/console/Command/Command.php(326): Illuminate\\Console\\Command->execute()
#13 /mnt/01D9961CD1E189D0/BWS/0_PROJECTS/Hillstay/Hillstay-MVP/vendor/laravel/framework/src/Illuminate/Console/Command.php(152): Symfony\\Component\\Console\\Command\\Command->run()
#14 /mnt/01D9961CD1E189D0/BWS/0_PROJECTS/Hillstay/Hillstay-MVP/vendor/laravel/framework/src/Illuminate/Console/Concerns/CallsCommands.php(67): Illuminate\\Console\\Command->run()
#15 /mnt/01D9961CD1E189D0/BWS/0_PROJECTS/Hillstay/Hillstay-MVP/vendor/laravel/framework/src/Illuminate/Console/Concerns/CallsCommands.php(40): Illuminate\\Console\\Command->runCommand()
#16 /mnt/01D9961CD1E189D0/BWS/0_PROJECTS/Hillstay/Hillstay-MVP/vendor/laravel/framework/src/Illuminate/Foundation/Console/OptimizeCommand.php(47): Illuminate\\Console\\Command->callSilent()
#17 /mnt/01D9961CD1E189D0/BWS/0_PROJECTS/Hillstay/Hillstay-MVP/vendor/laravel/framework/src/Illuminate/Console/View/Components/Task.php(37): Illuminate\\Foundation\\Console\\OptimizeCommand->Illuminate\\Foundation\\Console\\{closure}()
#18 /mnt/01D9961CD1E189D0/BWS/0_PROJECTS/Hillstay/Hillstay-MVP/vendor/laravel/framework/src/Illuminate/Console/View/Components/Factory.php(58): Illuminate\\Console\\View\\Components\\Task->render()
#19 /mnt/01D9961CD1E189D0/BWS/0_PROJECTS/Hillstay/Hillstay-MVP/vendor/laravel/framework/src/Illuminate/Foundation/Console/OptimizeCommand.php(48): Illuminate\\Console\\View\\Components\\Factory->__call()
#20 /mnt/01D9961CD1E189D0/BWS/0_PROJECTS/Hillstay/Hillstay-MVP/vendor/laravel/framework/src/Illuminate/Collections/Traits/EnumeratesValues.php(235): Illuminate\\Foundation\\Console\\OptimizeCommand->Illuminate\\Foundation\\Console\\{closure}()
#21 /mnt/01D9961CD1E189D0/BWS/0_PROJECTS/Hillstay/Hillstay-MVP/vendor/laravel/framework/src/Illuminate/Foundation/Console/OptimizeCommand.php(48): Illuminate\\Support\\Collection->each()
#22 /mnt/01D9961CD1E189D0/BWS/0_PROJECTS/Hillstay/Hillstay-MVP/vendor/laravel/framework/src/Illuminate/Container/BoundMethod.php(36): Illuminate\\Foundation\\Console\\OptimizeCommand->handle()
#23 /mnt/01D9961CD1E189D0/BWS/0_PROJECTS/Hillstay/Hillstay-MVP/vendor/laravel/framework/src/Illuminate/Container/Util.php(41): Illuminate\\Container\\BoundMethod::Illuminate\\Container\\{closure}()
#24 /mnt/01D9961CD1E189D0/BWS/0_PROJECTS/Hillstay/Hillstay-MVP/vendor/laravel/framework/src/Illuminate/Container/BoundMethod.php(93): Illuminate\\Container\\Util::unwrapIfClosure()
#25 /mnt/01D9961CD1E189D0/BWS/0_PROJECTS/Hillstay/Hillstay-MVP/vendor/laravel/framework/src/Illuminate/Container/BoundMethod.php(35): Illuminate\\Container\\BoundMethod::callBoundMethod()
#26 /mnt/01D9961CD1E189D0/BWS/0_PROJECTS/Hillstay/Hillstay-MVP/vendor/laravel/framework/src/Illuminate/Container/Container.php(661): Illuminate\\Container\\BoundMethod::call()
#27 /mnt/01D9961CD1E189D0/BWS/0_PROJECTS/Hillstay/Hillstay-MVP/vendor/laravel/framework/src/Illuminate/Console/Command.php(183): Illuminate\\Container\\Container->call()
#28 /mnt/01D9961CD1E189D0/BWS/0_PROJECTS/Hillstay/Hillstay-MVP/vendor/symfony/console/Command/Command.php(326): Illuminate\\Console\\Command->execute()
#29 /mnt/01D9961CD1E189D0/BWS/0_PROJECTS/Hillstay/Hillstay-MVP/vendor/laravel/framework/src/Illuminate/Console/Command.php(152): Symfony\\Component\\Console\\Command\\Command->run()
#30 /mnt/01D9961CD1E189D0/BWS/0_PROJECTS/Hillstay/Hillstay-MVP/vendor/symfony/console/Application.php(1078): Illuminate\\Console\\Command->run()
#31 /mnt/01D9961CD1E189D0/BWS/0_PROJECTS/Hillstay/Hillstay-MVP/vendor/symfony/console/Application.php(324): Symfony\\Component\\Console\\Application->doRunCommand()
#32 /mnt/01D9961CD1E189D0/BWS/0_PROJECTS/Hillstay/Hillstay-MVP/vendor/symfony/console/Application.php(175): Symfony\\Component\\Console\\Application->doRun()
#33 /mnt/01D9961CD1E189D0/BWS/0_PROJECTS/Hillstay/Hillstay-MVP/vendor/laravel/framework/src/Illuminate/Console/Application.php(102): Symfony\\Component\\Console\\Application->run()
#34 /mnt/01D9961CD1E189D0/BWS/0_PROJECTS/Hillstay/Hillstay-MVP/vendor/laravel/framework/src/Illuminate/Foundation/Console/Kernel.php(155): Illuminate\\Console\\Application->run()
#35 /mnt/01D9961CD1E189D0/BWS/0_PROJECTS/Hillstay/Hillstay-MVP/artisan(38): Illuminate\\Foundation\\Console\\Kernel->handle()
#36 {main}
"} 
