[2024-10-21 12:27:19] production.ERROR: Unable to prepare route [media/folder] for serialization. Another route has already been assigned name [media.folder.index]. {"exception":"[object] (LogicException(code: 0): Unable to prepare route [media/folder] for serialization. Another route has already been assigned name [media.folder.index]. at /mnt/01D9961CD1E189D0/BWS/Hillstay/MyTravel/vendor/laravel/framework/src/Illuminate/Routing/AbstractRouteCollection.php:247)
[stacktrace]
#0 /mnt/01D9961CD1E189D0/BWS/Hillstay/MyTravel/vendor/laravel/framework/src/Illuminate/Routing/AbstractRouteCollection.php(208): Illuminate\\Routing\\AbstractRouteCollection->addToSymfonyRoutesCollection()
#1 /mnt/01D9961CD1E189D0/BWS/Hillstay/MyTravel/vendor/laravel/framework/src/Illuminate/Routing/RouteCollection.php(246): Illuminate\\Routing\\AbstractRouteCollection->toSymfonyRouteCollection()
#2 /mnt/01D9961CD1E189D0/BWS/Hillstay/MyTravel/vendor/laravel/framework/src/Illuminate/Routing/AbstractRouteCollection.php(192): Illuminate\\Routing\\RouteCollection->toSymfonyRouteCollection()
#3 /mnt/01D9961CD1E189D0/BWS/Hillstay/MyTravel/vendor/laravel/framework/src/Illuminate/Routing/AbstractRouteCollection.php(163): Illuminate\\Routing\\AbstractRouteCollection->dumper()
#4 /mnt/01D9961CD1E189D0/BWS/Hillstay/MyTravel/vendor/laravel/framework/src/Illuminate/Foundation/Console/RouteCacheCommand.php(120): Illuminate\\Routing\\AbstractRouteCollection->compile()
#5 /mnt/01D9961CD1E189D0/BWS/Hillstay/MyTravel/vendor/laravel/framework/src/Illuminate/Foundation/Console/RouteCacheCommand.php(79): Illuminate\\Foundation\\Console\\RouteCacheCommand->buildRouteCacheFile()
#6 /mnt/01D9961CD1E189D0/BWS/Hillstay/MyTravel/vendor/laravel/framework/src/Illuminate/Container/BoundMethod.php(36): Illuminate\\Foundation\\Console\\RouteCacheCommand->handle()
#7 /mnt/01D9961CD1E189D0/BWS/Hillstay/MyTravel/vendor/laravel/framework/src/Illuminate/Container/Util.php(41): Illuminate\\Container\\BoundMethod::Illuminate\\Container\\{closure}()
#8 /mnt/01D9961CD1E189D0/BWS/Hillstay/MyTravel/vendor/laravel/framework/src/Illuminate/Container/BoundMethod.php(93): Illuminate\\Container\\Util::unwrapIfClosure()
#9 /mnt/01D9961CD1E189D0/BWS/Hillstay/MyTravel/vendor/laravel/framework/src/Illuminate/Container/BoundMethod.php(35): Illuminate\\Container\\BoundMethod::callBoundMethod()
#10 /mnt/01D9961CD1E189D0/BWS/Hillstay/MyTravel/vendor/laravel/framework/src/Illuminate/Container/Container.php(661): Illuminate\\Container\\BoundMethod::call()
#11 /mnt/01D9961CD1E189D0/BWS/Hillstay/MyTravel/vendor/laravel/framework/src/Illuminate/Console/Command.php(183): Illuminate\\Container\\Container->call()
#12 /mnt/01D9961CD1E189D0/BWS/Hillstay/MyTravel/vendor/symfony/console/Command/Command.php(326): Illuminate\\Console\\Command->execute()
#13 /mnt/01D9961CD1E189D0/BWS/Hillstay/MyTravel/vendor/laravel/framework/src/Illuminate/Console/Command.php(152): Symfony\\Component\\Console\\Command\\Command->run()
#14 /mnt/01D9961CD1E189D0/BWS/Hillstay/MyTravel/vendor/symfony/console/Application.php(1078): Illuminate\\Console\\Command->run()
#15 /mnt/01D9961CD1E189D0/BWS/Hillstay/MyTravel/vendor/symfony/console/Application.php(324): Symfony\\Component\\Console\\Application->doRunCommand()
#16 /mnt/01D9961CD1E189D0/BWS/Hillstay/MyTravel/vendor/symfony/console/Application.php(175): Symfony\\Component\\Console\\Application->doRun()
#17 /mnt/01D9961CD1E189D0/BWS/Hillstay/MyTravel/vendor/laravel/framework/src/Illuminate/Console/Application.php(102): Symfony\\Component\\Console\\Application->run()
#18 /mnt/01D9961CD1E189D0/BWS/Hillstay/MyTravel/vendor/laravel/framework/src/Illuminate/Foundation/Console/Kernel.php(155): Illuminate\\Console\\Application->run()
#19 /mnt/01D9961CD1E189D0/BWS/Hillstay/MyTravel/artisan(38): Illuminate\\Foundation\\Console\\Kernel->handle()
#20 {main}
"} 
[2024-10-21 12:27:20] production.ERROR: Your configuration files are not serializable. {"exception":"[object] (LogicException(code: 0): Your configuration files are not serializable. at /mnt/01D9961CD1E189D0/BWS/Hillstay/MyTravel/vendor/laravel/framework/src/Illuminate/Foundation/Console/ConfigCacheCommand.php:84)
[stacktrace]
#0 /mnt/01D9961CD1E189D0/BWS/Hillstay/MyTravel/vendor/laravel/framework/src/Illuminate/Container/BoundMethod.php(36): Illuminate\\Foundation\\Console\\ConfigCacheCommand->handle()
#1 /mnt/01D9961CD1E189D0/BWS/Hillstay/MyTravel/vendor/laravel/framework/src/Illuminate/Container/Util.php(41): Illuminate\\Container\\BoundMethod::Illuminate\\Container\\{closure}()
#2 /mnt/01D9961CD1E189D0/BWS/Hillstay/MyTravel/vendor/laravel/framework/src/Illuminate/Container/BoundMethod.php(93): Illuminate\\Container\\Util::unwrapIfClosure()
#3 /mnt/01D9961CD1E189D0/BWS/Hillstay/MyTravel/vendor/laravel/framework/src/Illuminate/Container/BoundMethod.php(35): Illuminate\\Container\\BoundMethod::callBoundMethod()
#4 /mnt/01D9961CD1E189D0/BWS/Hillstay/MyTravel/vendor/laravel/framework/src/Illuminate/Container/Container.php(661): Illuminate\\Container\\BoundMethod::call()
#5 /mnt/01D9961CD1E189D0/BWS/Hillstay/MyTravel/vendor/laravel/framework/src/Illuminate/Console/Command.php(183): Illuminate\\Container\\Container->call()
#6 /mnt/01D9961CD1E189D0/BWS/Hillstay/MyTravel/vendor/symfony/console/Command/Command.php(326): Illuminate\\Console\\Command->execute()
#7 /mnt/01D9961CD1E189D0/BWS/Hillstay/MyTravel/vendor/laravel/framework/src/Illuminate/Console/Command.php(152): Symfony\\Component\\Console\\Command\\Command->run()
#8 /mnt/01D9961CD1E189D0/BWS/Hillstay/MyTravel/vendor/symfony/console/Application.php(1078): Illuminate\\Console\\Command->run()
#9 /mnt/01D9961CD1E189D0/BWS/Hillstay/MyTravel/vendor/symfony/console/Application.php(324): Symfony\\Component\\Console\\Application->doRunCommand()
#10 /mnt/01D9961CD1E189D0/BWS/Hillstay/MyTravel/vendor/symfony/console/Application.php(175): Symfony\\Component\\Console\\Application->doRun()
#11 /mnt/01D9961CD1E189D0/BWS/Hillstay/MyTravel/vendor/laravel/framework/src/Illuminate/Console/Application.php(102): Symfony\\Component\\Console\\Application->run()
#12 /mnt/01D9961CD1E189D0/BWS/Hillstay/MyTravel/vendor/laravel/framework/src/Illuminate/Foundation/Console/Kernel.php(155): Illuminate\\Console\\Application->run()
#13 /mnt/01D9961CD1E189D0/BWS/Hillstay/MyTravel/artisan(38): Illuminate\\Foundation\\Console\\Kernel->handle()
#14 {main}

[previous exception] [object] (Error(code: 0): Call to undefined method Illuminate\\Validation\\Rules\\Password::__set_state() at /mnt/01D9961CD1E189D0/BWS/Hillstay/MyTravel/bootstrap/cache/config.php:935)
[stacktrace]
#0 /mnt/01D9961CD1E189D0/BWS/Hillstay/MyTravel/vendor/laravel/framework/src/Illuminate/Foundation/Console/ConfigCacheCommand.php(80): require()
#1 /mnt/01D9961CD1E189D0/BWS/Hillstay/MyTravel/vendor/laravel/framework/src/Illuminate/Container/BoundMethod.php(36): Illuminate\\Foundation\\Console\\ConfigCacheCommand->handle()
#2 /mnt/01D9961CD1E189D0/BWS/Hillstay/MyTravel/vendor/laravel/framework/src/Illuminate/Container/Util.php(41): Illuminate\\Container\\BoundMethod::Illuminate\\Container\\{closure}()
#3 /mnt/01D9961CD1E189D0/BWS/Hillstay/MyTravel/vendor/laravel/framework/src/Illuminate/Container/BoundMethod.php(93): Illuminate\\Container\\Util::unwrapIfClosure()
#4 /mnt/01D9961CD1E189D0/BWS/Hillstay/MyTravel/vendor/laravel/framework/src/Illuminate/Container/BoundMethod.php(35): Illuminate\\Container\\BoundMethod::callBoundMethod()
#5 /mnt/01D9961CD1E189D0/BWS/Hillstay/MyTravel/vendor/laravel/framework/src/Illuminate/Container/Container.php(661): Illuminate\\Container\\BoundMethod::call()
#6 /mnt/01D9961CD1E189D0/BWS/Hillstay/MyTravel/vendor/laravel/framework/src/Illuminate/Console/Command.php(183): Illuminate\\Container\\Container->call()
#7 /mnt/01D9961CD1E189D0/BWS/Hillstay/MyTravel/vendor/symfony/console/Command/Command.php(326): Illuminate\\Console\\Command->execute()
#8 /mnt/01D9961CD1E189D0/BWS/Hillstay/MyTravel/vendor/laravel/framework/src/Illuminate/Console/Command.php(152): Symfony\\Component\\Console\\Command\\Command->run()
#9 /mnt/01D9961CD1E189D0/BWS/Hillstay/MyTravel/vendor/symfony/console/Application.php(1078): Illuminate\\Console\\Command->run()
#10 /mnt/01D9961CD1E189D0/BWS/Hillstay/MyTravel/vendor/symfony/console/Application.php(324): Symfony\\Component\\Console\\Application->doRunCommand()
#11 /mnt/01D9961CD1E189D0/BWS/Hillstay/MyTravel/vendor/symfony/console/Application.php(175): Symfony\\Component\\Console\\Application->doRun()
#12 /mnt/01D9961CD1E189D0/BWS/Hillstay/MyTravel/vendor/laravel/framework/src/Illuminate/Console/Application.php(102): Symfony\\Component\\Console\\Application->run()
#13 /mnt/01D9961CD1E189D0/BWS/Hillstay/MyTravel/vendor/laravel/framework/src/Illuminate/Foundation/Console/Kernel.php(155): Illuminate\\Console\\Application->run()
#14 /mnt/01D9961CD1E189D0/BWS/Hillstay/MyTravel/artisan(38): Illuminate\\Foundation\\Console\\Kernel->handle()
#15 {main}
"} 
[2024-10-21 12:27:42] production.ERROR: Your configuration files are not serializable. {"exception":"[object] (LogicException(code: 0): Your configuration files are not serializable. at /mnt/01D9961CD1E189D0/BWS/Hillstay/MyTravel/vendor/laravel/framework/src/Illuminate/Foundation/Console/ConfigCacheCommand.php:84)
[stacktrace]
#0 /mnt/01D9961CD1E189D0/BWS/Hillstay/MyTravel/vendor/laravel/framework/src/Illuminate/Container/BoundMethod.php(36): Illuminate\\Foundation\\Console\\ConfigCacheCommand->handle()
#1 /mnt/01D9961CD1E189D0/BWS/Hillstay/MyTravel/vendor/laravel/framework/src/Illuminate/Container/Util.php(41): Illuminate\\Container\\BoundMethod::Illuminate\\Container\\{closure}()
#2 /mnt/01D9961CD1E189D0/BWS/Hillstay/MyTravel/vendor/laravel/framework/src/Illuminate/Container/BoundMethod.php(93): Illuminate\\Container\\Util::unwrapIfClosure()
#3 /mnt/01D9961CD1E189D0/BWS/Hillstay/MyTravel/vendor/laravel/framework/src/Illuminate/Container/BoundMethod.php(35): Illuminate\\Container\\BoundMethod::callBoundMethod()
#4 /mnt/01D9961CD1E189D0/BWS/Hillstay/MyTravel/vendor/laravel/framework/src/Illuminate/Container/Container.php(661): Illuminate\\Container\\BoundMethod::call()
#5 /mnt/01D9961CD1E189D0/BWS/Hillstay/MyTravel/vendor/laravel/framework/src/Illuminate/Console/Command.php(183): Illuminate\\Container\\Container->call()
#6 /mnt/01D9961CD1E189D0/BWS/Hillstay/MyTravel/vendor/symfony/console/Command/Command.php(326): Illuminate\\Console\\Command->execute()
#7 /mnt/01D9961CD1E189D0/BWS/Hillstay/MyTravel/vendor/laravel/framework/src/Illuminate/Console/Command.php(152): Symfony\\Component\\Console\\Command\\Command->run()
#8 /mnt/01D9961CD1E189D0/BWS/Hillstay/MyTravel/vendor/symfony/console/Application.php(1078): Illuminate\\Console\\Command->run()
#9 /mnt/01D9961CD1E189D0/BWS/Hillstay/MyTravel/vendor/symfony/console/Application.php(324): Symfony\\Component\\Console\\Application->doRunCommand()
#10 /mnt/01D9961CD1E189D0/BWS/Hillstay/MyTravel/vendor/symfony/console/Application.php(175): Symfony\\Component\\Console\\Application->doRun()
#11 /mnt/01D9961CD1E189D0/BWS/Hillstay/MyTravel/vendor/laravel/framework/src/Illuminate/Console/Application.php(102): Symfony\\Component\\Console\\Application->run()
#12 /mnt/01D9961CD1E189D0/BWS/Hillstay/MyTravel/vendor/laravel/framework/src/Illuminate/Foundation/Console/Kernel.php(155): Illuminate\\Console\\Application->run()
#13 /mnt/01D9961CD1E189D0/BWS/Hillstay/MyTravel/artisan(38): Illuminate\\Foundation\\Console\\Kernel->handle()
#14 {main}

[previous exception] [object] (Error(code: 0): Call to undefined method Illuminate\\Validation\\Rules\\Password::__set_state() at /mnt/01D9961CD1E189D0/BWS/Hillstay/MyTravel/bootstrap/cache/config.php:935)
[stacktrace]
#0 /mnt/01D9961CD1E189D0/BWS/Hillstay/MyTravel/vendor/laravel/framework/src/Illuminate/Foundation/Console/ConfigCacheCommand.php(80): require()
#1 /mnt/01D9961CD1E189D0/BWS/Hillstay/MyTravel/vendor/laravel/framework/src/Illuminate/Container/BoundMethod.php(36): Illuminate\\Foundation\\Console\\ConfigCacheCommand->handle()
#2 /mnt/01D9961CD1E189D0/BWS/Hillstay/MyTravel/vendor/laravel/framework/src/Illuminate/Container/Util.php(41): Illuminate\\Container\\BoundMethod::Illuminate\\Container\\{closure}()
#3 /mnt/01D9961CD1E189D0/BWS/Hillstay/MyTravel/vendor/laravel/framework/src/Illuminate/Container/BoundMethod.php(93): Illuminate\\Container\\Util::unwrapIfClosure()
#4 /mnt/01D9961CD1E189D0/BWS/Hillstay/MyTravel/vendor/laravel/framework/src/Illuminate/Container/BoundMethod.php(35): Illuminate\\Container\\BoundMethod::callBoundMethod()
#5 /mnt/01D9961CD1E189D0/BWS/Hillstay/MyTravel/vendor/laravel/framework/src/Illuminate/Container/Container.php(661): Illuminate\\Container\\BoundMethod::call()
#6 /mnt/01D9961CD1E189D0/BWS/Hillstay/MyTravel/vendor/laravel/framework/src/Illuminate/Console/Command.php(183): Illuminate\\Container\\Container->call()
#7 /mnt/01D9961CD1E189D0/BWS/Hillstay/MyTravel/vendor/symfony/console/Command/Command.php(326): Illuminate\\Console\\Command->execute()
#8 /mnt/01D9961CD1E189D0/BWS/Hillstay/MyTravel/vendor/laravel/framework/src/Illuminate/Console/Command.php(152): Symfony\\Component\\Console\\Command\\Command->run()
#9 /mnt/01D9961CD1E189D0/BWS/Hillstay/MyTravel/vendor/symfony/console/Application.php(1078): Illuminate\\Console\\Command->run()
#10 /mnt/01D9961CD1E189D0/BWS/Hillstay/MyTravel/vendor/symfony/console/Application.php(324): Symfony\\Component\\Console\\Application->doRunCommand()
#11 /mnt/01D9961CD1E189D0/BWS/Hillstay/MyTravel/vendor/symfony/console/Application.php(175): Symfony\\Component\\Console\\Application->doRun()
#12 /mnt/01D9961CD1E189D0/BWS/Hillstay/MyTravel/vendor/laravel/framework/src/Illuminate/Console/Application.php(102): Symfony\\Component\\Console\\Application->run()
#13 /mnt/01D9961CD1E189D0/BWS/Hillstay/MyTravel/vendor/laravel/framework/src/Illuminate/Foundation/Console/Kernel.php(155): Illuminate\\Console\\Application->run()
#14 /mnt/01D9961CD1E189D0/BWS/Hillstay/MyTravel/artisan(38): Illuminate\\Foundation\\Console\\Kernel->handle()
#15 {main}
"} 
