[2024-09-30 15:05:27] production.ERROR: SQLSTATE[23000]: Integrity constraint violation: 1062 Duplicate entry 'ahtesham2000@gmail.com' for key 'users_email_unique' (SQL: insert into `users` (`status`, `first_name`, `email`, `password`, `name`, `updated_at`, `created_at`) values (publish, ahtesham2000@gmail.com, ahtesham2000@gmail.com, $2y$10$DrJP0cg09F7TZMYZ4wHXi.tp/MnTzPAQs9Zfz6PhzphGhZONR4qkS, ahtesham2000@gmail.com , 2024-09-30 15:05:27, 2024-09-30 15:05:27)) {"exception":"[object] (Illuminate\\Database\\QueryException(code: 23000): SQLSTATE[23000]: Integrity constraint violation: 1062 Duplicate entry 'ahtesham2000@gmail.com' for key 'users_email_unique' (SQL: insert into `users` (`status`, `first_name`, `email`, `password`, `name`, `updated_at`, `created_at`) values (publish, ahtesham2000@gmail.com, ahtesham2000@gmail.com, $2y$10$DrJP0cg09F7TZMYZ4wHXi.tp/MnTzPAQs9Zfz6PhzphGhZONR4qkS, ahtesham2000@gmail.com , 2024-09-30 15:05:27, 2024-09-30 15:05:27)) at /mnt/01D9961CD1E189D0/BWS/Hillstay/MyTravel/vendor/laravel/framework/src/Illuminate/Database/Connection.php:760)
[stacktrace]
#0 /mnt/01D9961CD1E189D0/BWS/Hillstay/MyTravel/vendor/laravel/framework/src/Illuminate/Database/Connection.php(720): Illuminate\\Database\\Connection->runQueryCallback()
#1 /mnt/01D9961CD1E189D0/BWS/Hillstay/MyTravel/vendor/laravel/framework/src/Illuminate/Database/Connection.php(534): Illuminate\\Database\\Connection->run()
#2 /mnt/01D9961CD1E189D0/BWS/Hillstay/MyTravel/vendor/laravel/framework/src/Illuminate/Database/Connection.php(498): Illuminate\\Database\\Connection->statement()
#3 /mnt/01D9961CD1E189D0/BWS/Hillstay/MyTravel/vendor/laravel/framework/src/Illuminate/Database/Query/Processors/Processor.php(32): Illuminate\\Database\\Connection->insert()
#4 /mnt/01D9961CD1E189D0/BWS/Hillstay/MyTravel/vendor/laravel/framework/src/Illuminate/Database/Query/Builder.php(3322): Illuminate\\Database\\Query\\Processors\\Processor->processInsertGetId()
#5 /mnt/01D9961CD1E189D0/BWS/Hillstay/MyTravel/vendor/laravel/framework/src/Illuminate/Database/Eloquent/Builder.php(1869): Illuminate\\Database\\Query\\Builder->insertGetId()
#6 /mnt/01D9961CD1E189D0/BWS/Hillstay/MyTravel/vendor/laravel/framework/src/Illuminate/Database/Eloquent/Model.php(1330): Illuminate\\Database\\Eloquent\\Builder->__call()
#7 /mnt/01D9961CD1E189D0/BWS/Hillstay/MyTravel/vendor/laravel/framework/src/Illuminate/Database/Eloquent/Model.php(1295): Illuminate\\Database\\Eloquent\\Model->insertAndSetId()
#8 /mnt/01D9961CD1E189D0/BWS/Hillstay/MyTravel/vendor/laravel/framework/src/Illuminate/Database/Eloquent/Model.php(1138): Illuminate\\Database\\Eloquent\\Model->performInsert()
#9 /mnt/01D9961CD1E189D0/BWS/Hillstay/MyTravel/vendor/laravel/framework/src/Illuminate/Database/Eloquent/Builder.php(986): Illuminate\\Database\\Eloquent\\Model->save()
#10 /mnt/01D9961CD1E189D0/BWS/Hillstay/MyTravel/vendor/laravel/framework/src/Illuminate/Support/helpers.php(306): Illuminate\\Database\\Eloquent\\Builder->Illuminate\\Database\\Eloquent\\{closure}()
#11 /mnt/01D9961CD1E189D0/BWS/Hillstay/MyTravel/vendor/laravel/framework/src/Illuminate/Database/Eloquent/Builder.php(985): tap()
#12 /mnt/01D9961CD1E189D0/BWS/Hillstay/MyTravel/vendor/laravel/framework/src/Illuminate/Support/Traits/ForwardsCalls.php(23): Illuminate\\Database\\Eloquent\\Builder->create()
#13 /mnt/01D9961CD1E189D0/BWS/Hillstay/MyTravel/vendor/laravel/framework/src/Illuminate/Database/Eloquent/Model.php(2330): Illuminate\\Database\\Eloquent\\Model->forwardCallTo()
#14 /mnt/01D9961CD1E189D0/BWS/Hillstay/MyTravel/vendor/laravel/framework/src/Illuminate/Database/Eloquent/Model.php(2342): Illuminate\\Database\\Eloquent\\Model->__call()
#15 /mnt/01D9961CD1E189D0/BWS/Hillstay/MyTravel/modules/Core/Installer/DatabaseController.php(33): Illuminate\\Database\\Eloquent\\Model::__callStatic()
#16 /mnt/01D9961CD1E189D0/BWS/Hillstay/MyTravel/vendor/laravel/framework/src/Illuminate/Routing/Controller.php(54): Modules\\Core\\Installer\\DatabaseController->database()
#17 /mnt/01D9961CD1E189D0/BWS/Hillstay/MyTravel/vendor/laravel/framework/src/Illuminate/Routing/ControllerDispatcher.php(43): Illuminate\\Routing\\Controller->callAction()
#18 /mnt/01D9961CD1E189D0/BWS/Hillstay/MyTravel/vendor/laravel/framework/src/Illuminate/Routing/Route.php(259): Illuminate\\Routing\\ControllerDispatcher->dispatch()
#19 /mnt/01D9961CD1E189D0/BWS/Hillstay/MyTravel/vendor/laravel/framework/src/Illuminate/Routing/Route.php(205): Illuminate\\Routing\\Route->runController()
#20 /mnt/01D9961CD1E189D0/BWS/Hillstay/MyTravel/vendor/laravel/framework/src/Illuminate/Routing/Router.php(798): Illuminate\\Routing\\Route->run()
#21 /mnt/01D9961CD1E189D0/BWS/Hillstay/MyTravel/vendor/laravel/framework/src/Illuminate/Pipeline/Pipeline.php(141): Illuminate\\Routing\\Router->Illuminate\\Routing\\{closure}()
#22 /mnt/01D9961CD1E189D0/BWS/Hillstay/MyTravel/vendor/rachidlaasri/laravel-installer/src/Middleware/canInstall.php(48): Illuminate\\Pipeline\\Pipeline->Illuminate\\Pipeline\\{closure}()
#23 /mnt/01D9961CD1E189D0/BWS/Hillstay/MyTravel/vendor/laravel/framework/src/Illuminate/Pipeline/Pipeline.php(180): RachidLaasri\\LaravelInstaller\\Middleware\\canInstall->handle()
#24 /mnt/01D9961CD1E189D0/BWS/Hillstay/MyTravel/app/Http/Middleware/RequireChangePassword.php(41): Illuminate\\Pipeline\\Pipeline->Illuminate\\Pipeline\\{closure}()
#25 /mnt/01D9961CD1E189D0/BWS/Hillstay/MyTravel/vendor/laravel/framework/src/Illuminate/Pipeline/Pipeline.php(180): App\\Http\\Middleware\\RequireChangePassword->handle()
#26 /mnt/01D9961CD1E189D0/BWS/Hillstay/MyTravel/app/Http/Middleware/SetLanguageForAdmin.php(37): Illuminate\\Pipeline\\Pipeline->Illuminate\\Pipeline\\{closure}()
#27 /mnt/01D9961CD1E189D0/BWS/Hillstay/MyTravel/vendor/laravel/framework/src/Illuminate/Pipeline/Pipeline.php(180): App\\Http\\Middleware\\SetLanguageForAdmin->handle()
#28 /mnt/01D9961CD1E189D0/BWS/Hillstay/MyTravel/app/Http/Middleware/SetCurrentCurrency.php(48): Illuminate\\Pipeline\\Pipeline->Illuminate\\Pipeline\\{closure}()
#29 /mnt/01D9961CD1E189D0/BWS/Hillstay/MyTravel/vendor/laravel/framework/src/Illuminate/Pipeline/Pipeline.php(180): App\\Http\\Middleware\\SetCurrentCurrency->handle()
#30 /mnt/01D9961CD1E189D0/BWS/Hillstay/MyTravel/app/Http/Middleware/HideDebugbar.php(32): Illuminate\\Pipeline\\Pipeline->Illuminate\\Pipeline\\{closure}()
#31 /mnt/01D9961CD1E189D0/BWS/Hillstay/MyTravel/vendor/laravel/framework/src/Illuminate/Pipeline/Pipeline.php(180): App\\Http\\Middleware\\HideDebugbar->handle()
#32 /mnt/01D9961CD1E189D0/BWS/Hillstay/MyTravel/app/Http/Middleware/RedirectForMultiLanguage.php(58): Illuminate\\Pipeline\\Pipeline->Illuminate\\Pipeline\\{closure}()
#33 /mnt/01D9961CD1E189D0/BWS/Hillstay/MyTravel/vendor/laravel/framework/src/Illuminate/Pipeline/Pipeline.php(180): App\\Http\\Middleware\\RedirectForMultiLanguage->handle()
#34 /mnt/01D9961CD1E189D0/BWS/Hillstay/MyTravel/vendor/laravel/framework/src/Illuminate/Routing/Middleware/SubstituteBindings.php(50): Illuminate\\Pipeline\\Pipeline->Illuminate\\Pipeline\\{closure}()
#35 /mnt/01D9961CD1E189D0/BWS/Hillstay/MyTravel/vendor/laravel/framework/src/Illuminate/Pipeline/Pipeline.php(180): Illuminate\\Routing\\Middleware\\SubstituteBindings->handle()
#36 /mnt/01D9961CD1E189D0/BWS/Hillstay/MyTravel/vendor/laravel/framework/src/Illuminate/Foundation/Http/Middleware/VerifyCsrfToken.php(78): Illuminate\\Pipeline\\Pipeline->Illuminate\\Pipeline\\{closure}()
#37 /mnt/01D9961CD1E189D0/BWS/Hillstay/MyTravel/vendor/laravel/framework/src/Illuminate/Pipeline/Pipeline.php(180): Illuminate\\Foundation\\Http\\Middleware\\VerifyCsrfToken->handle()
#38 /mnt/01D9961CD1E189D0/BWS/Hillstay/MyTravel/vendor/laravel/framework/src/Illuminate/View/Middleware/ShareErrorsFromSession.php(49): Illuminate\\Pipeline\\Pipeline->Illuminate\\Pipeline\\{closure}()
#39 /mnt/01D9961CD1E189D0/BWS/Hillstay/MyTravel/vendor/laravel/framework/src/Illuminate/Pipeline/Pipeline.php(180): Illuminate\\View\\Middleware\\ShareErrorsFromSession->handle()
#40 /mnt/01D9961CD1E189D0/BWS/Hillstay/MyTravel/vendor/laravel/framework/src/Illuminate/Session/Middleware/StartSession.php(121): Illuminate\\Pipeline\\Pipeline->Illuminate\\Pipeline\\{closure}()
#41 /mnt/01D9961CD1E189D0/BWS/Hillstay/MyTravel/vendor/laravel/framework/src/Illuminate/Session/Middleware/StartSession.php(64): Illuminate\\Session\\Middleware\\StartSession->handleStatefulRequest()
#42 /mnt/01D9961CD1E189D0/BWS/Hillstay/MyTravel/vendor/laravel/framework/src/Illuminate/Pipeline/Pipeline.php(180): Illuminate\\Session\\Middleware\\StartSession->handle()
#43 /mnt/01D9961CD1E189D0/BWS/Hillstay/MyTravel/vendor/laravel/framework/src/Illuminate/Cookie/Middleware/AddQueuedCookiesToResponse.php(37): Illuminate\\Pipeline\\Pipeline->Illuminate\\Pipeline\\{closure}()
#44 /mnt/01D9961CD1E189D0/BWS/Hillstay/MyTravel/vendor/laravel/framework/src/Illuminate/Pipeline/Pipeline.php(180): Illuminate\\Cookie\\Middleware\\AddQueuedCookiesToResponse->handle()
#45 /mnt/01D9961CD1E189D0/BWS/Hillstay/MyTravel/vendor/laravel/framework/src/Illuminate/Cookie/Middleware/EncryptCookies.php(67): Illuminate\\Pipeline\\Pipeline->Illuminate\\Pipeline\\{closure}()
#46 /mnt/01D9961CD1E189D0/BWS/Hillstay/MyTravel/vendor/laravel/framework/src/Illuminate/Pipeline/Pipeline.php(180): Illuminate\\Cookie\\Middleware\\EncryptCookies->handle()
#47 /mnt/01D9961CD1E189D0/BWS/Hillstay/MyTravel/vendor/laravel/framework/src/Illuminate/Pipeline/Pipeline.php(116): Illuminate\\Pipeline\\Pipeline->Illuminate\\Pipeline\\{closure}()
#48 /mnt/01D9961CD1E189D0/BWS/Hillstay/MyTravel/vendor/laravel/framework/src/Illuminate/Routing/Router.php(797): Illuminate\\Pipeline\\Pipeline->then()
#49 /mnt/01D9961CD1E189D0/BWS/Hillstay/MyTravel/vendor/laravel/framework/src/Illuminate/Routing/Router.php(776): Illuminate\\Routing\\Router->runRouteWithinStack()
#50 /mnt/01D9961CD1E189D0/BWS/Hillstay/MyTravel/vendor/laravel/framework/src/Illuminate/Routing/Router.php(740): Illuminate\\Routing\\Router->runRoute()
#51 /mnt/01D9961CD1E189D0/BWS/Hillstay/MyTravel/vendor/laravel/framework/src/Illuminate/Routing/Router.php(729): Illuminate\\Routing\\Router->dispatchToRoute()
#52 /mnt/01D9961CD1E189D0/BWS/Hillstay/MyTravel/vendor/laravel/framework/src/Illuminate/Foundation/Http/Kernel.php(190): Illuminate\\Routing\\Router->dispatch()
#53 /mnt/01D9961CD1E189D0/BWS/Hillstay/MyTravel/vendor/laravel/framework/src/Illuminate/Pipeline/Pipeline.php(141): Illuminate\\Foundation\\Http\\Kernel->Illuminate\\Foundation\\Http\\{closure}()
#54 /mnt/01D9961CD1E189D0/BWS/Hillstay/MyTravel/themes/Base/Core/Middleware/RunUpdater.php(76): Illuminate\\Pipeline\\Pipeline->Illuminate\\Pipeline\\{closure}()
#55 /mnt/01D9961CD1E189D0/BWS/Hillstay/MyTravel/vendor/laravel/framework/src/Illuminate/Pipeline/Pipeline.php(180): Themes\\Base\\Core\\Middleware\\RunUpdater->handle()
#56 /mnt/01D9961CD1E189D0/BWS/Hillstay/MyTravel/vendor/barryvdh/laravel-debugbar/src/Middleware/InjectDebugbar.php(59): Illuminate\\Pipeline\\Pipeline->Illuminate\\Pipeline\\{closure}()
#57 /mnt/01D9961CD1E189D0/BWS/Hillstay/MyTravel/vendor/laravel/framework/src/Illuminate/Pipeline/Pipeline.php(180): Barryvdh\\Debugbar\\Middleware\\InjectDebugbar->handle()
#58 /mnt/01D9961CD1E189D0/BWS/Hillstay/MyTravel/vendor/laravel/framework/src/Illuminate/Foundation/Http/Middleware/TransformsRequest.php(21): Illuminate\\Pipeline\\Pipeline->Illuminate\\Pipeline\\{closure}()
#59 /mnt/01D9961CD1E189D0/BWS/Hillstay/MyTravel/vendor/laravel/framework/src/Illuminate/Foundation/Http/Middleware/ConvertEmptyStringsToNull.php(31): Illuminate\\Foundation\\Http\\Middleware\\TransformsRequest->handle()
#60 /mnt/01D9961CD1E189D0/BWS/Hillstay/MyTravel/vendor/laravel/framework/src/Illuminate/Pipeline/Pipeline.php(180): Illuminate\\Foundation\\Http\\Middleware\\ConvertEmptyStringsToNull->handle()
#61 /mnt/01D9961CD1E189D0/BWS/Hillstay/MyTravel/vendor/laravel/framework/src/Illuminate/Foundation/Http/Middleware/TransformsRequest.php(21): Illuminate\\Pipeline\\Pipeline->Illuminate\\Pipeline\\{closure}()
#62 /mnt/01D9961CD1E189D0/BWS/Hillstay/MyTravel/vendor/laravel/framework/src/Illuminate/Foundation/Http/Middleware/TrimStrings.php(40): Illuminate\\Foundation\\Http\\Middleware\\TransformsRequest->handle()
#63 /mnt/01D9961CD1E189D0/BWS/Hillstay/MyTravel/vendor/laravel/framework/src/Illuminate/Pipeline/Pipeline.php(180): Illuminate\\Foundation\\Http\\Middleware\\TrimStrings->handle()
#64 /mnt/01D9961CD1E189D0/BWS/Hillstay/MyTravel/vendor/laravel/framework/src/Illuminate/Foundation/Http/Middleware/ValidatePostSize.php(27): Illuminate\\Pipeline\\Pipeline->Illuminate\\Pipeline\\{closure}()
#65 /mnt/01D9961CD1E189D0/BWS/Hillstay/MyTravel/vendor/laravel/framework/src/Illuminate/Pipeline/Pipeline.php(180): Illuminate\\Foundation\\Http\\Middleware\\ValidatePostSize->handle()
#66 /mnt/01D9961CD1E189D0/BWS/Hillstay/MyTravel/vendor/laravel/framework/src/Illuminate/Foundation/Http/Middleware/PreventRequestsDuringMaintenance.php(86): Illuminate\\Pipeline\\Pipeline->Illuminate\\Pipeline\\{closure}()
#67 /mnt/01D9961CD1E189D0/BWS/Hillstay/MyTravel/vendor/laravel/framework/src/Illuminate/Pipeline/Pipeline.php(180): Illuminate\\Foundation\\Http\\Middleware\\PreventRequestsDuringMaintenance->handle()
#68 /mnt/01D9961CD1E189D0/BWS/Hillstay/MyTravel/vendor/laravel/framework/src/Illuminate/Http/Middleware/HandleCors.php(49): Illuminate\\Pipeline\\Pipeline->Illuminate\\Pipeline\\{closure}()
#69 /mnt/01D9961CD1E189D0/BWS/Hillstay/MyTravel/vendor/laravel/framework/src/Illuminate/Pipeline/Pipeline.php(180): Illuminate\\Http\\Middleware\\HandleCors->handle()
#70 /mnt/01D9961CD1E189D0/BWS/Hillstay/MyTravel/app/Http/Middleware/RedirectToInstaller.php(40): Illuminate\\Pipeline\\Pipeline->Illuminate\\Pipeline\\{closure}()
#71 /mnt/01D9961CD1E189D0/BWS/Hillstay/MyTravel/vendor/laravel/framework/src/Illuminate/Pipeline/Pipeline.php(180): App\\Http\\Middleware\\RedirectToInstaller->handle()
#72 /mnt/01D9961CD1E189D0/BWS/Hillstay/MyTravel/vendor/laravel/framework/src/Illuminate/Http/Middleware/TrustProxies.php(39): Illuminate\\Pipeline\\Pipeline->Illuminate\\Pipeline\\{closure}()
#73 /mnt/01D9961CD1E189D0/BWS/Hillstay/MyTravel/vendor/laravel/framework/src/Illuminate/Pipeline/Pipeline.php(180): Illuminate\\Http\\Middleware\\TrustProxies->handle()
#74 /mnt/01D9961CD1E189D0/BWS/Hillstay/MyTravel/vendor/laravel/framework/src/Illuminate/Pipeline/Pipeline.php(116): Illuminate\\Pipeline\\Pipeline->Illuminate\\Pipeline\\{closure}()
#75 /mnt/01D9961CD1E189D0/BWS/Hillstay/MyTravel/vendor/laravel/framework/src/Illuminate/Foundation/Http/Kernel.php(165): Illuminate\\Pipeline\\Pipeline->then()
#76 /mnt/01D9961CD1E189D0/BWS/Hillstay/MyTravel/vendor/laravel/framework/src/Illuminate/Foundation/Http/Kernel.php(134): Illuminate\\Foundation\\Http\\Kernel->sendRequestThroughRouter()
#77 /mnt/01D9961CD1E189D0/BWS/Hillstay/MyTravel/public/index.php(77): Illuminate\\Foundation\\Http\\Kernel->handle()
#78 /home/ahtesham/.config/composer/vendor/cpriego/valet-linux/server.php(239): require('...')
#79 {main}

[previous exception] [object] (PDOException(code: 23000): SQLSTATE[23000]: Integrity constraint violation: 1062 Duplicate entry 'ahtesham2000@gmail.com' for key 'users_email_unique' at /mnt/01D9961CD1E189D0/BWS/Hillstay/MyTravel/vendor/laravel/framework/src/Illuminate/Database/Connection.php:545)
[stacktrace]
#0 /mnt/01D9961CD1E189D0/BWS/Hillstay/MyTravel/vendor/laravel/framework/src/Illuminate/Database/Connection.php(545): PDOStatement->execute()
#1 /mnt/01D9961CD1E189D0/BWS/Hillstay/MyTravel/vendor/laravel/framework/src/Illuminate/Database/Connection.php(753): Illuminate\\Database\\Connection->Illuminate\\Database\\{closure}()
#2 /mnt/01D9961CD1E189D0/BWS/Hillstay/MyTravel/vendor/laravel/framework/src/Illuminate/Database/Connection.php(720): Illuminate\\Database\\Connection->runQueryCallback()
#3 /mnt/01D9961CD1E189D0/BWS/Hillstay/MyTravel/vendor/laravel/framework/src/Illuminate/Database/Connection.php(534): Illuminate\\Database\\Connection->run()
#4 /mnt/01D9961CD1E189D0/BWS/Hillstay/MyTravel/vendor/laravel/framework/src/Illuminate/Database/Connection.php(498): Illuminate\\Database\\Connection->statement()
#5 /mnt/01D9961CD1E189D0/BWS/Hillstay/MyTravel/vendor/laravel/framework/src/Illuminate/Database/Query/Processors/Processor.php(32): Illuminate\\Database\\Connection->insert()
#6 /mnt/01D9961CD1E189D0/BWS/Hillstay/MyTravel/vendor/laravel/framework/src/Illuminate/Database/Query/Builder.php(3322): Illuminate\\Database\\Query\\Processors\\Processor->processInsertGetId()
#7 /mnt/01D9961CD1E189D0/BWS/Hillstay/MyTravel/vendor/laravel/framework/src/Illuminate/Database/Eloquent/Builder.php(1869): Illuminate\\Database\\Query\\Builder->insertGetId()
#8 /mnt/01D9961CD1E189D0/BWS/Hillstay/MyTravel/vendor/laravel/framework/src/Illuminate/Database/Eloquent/Model.php(1330): Illuminate\\Database\\Eloquent\\Builder->__call()
#9 /mnt/01D9961CD1E189D0/BWS/Hillstay/MyTravel/vendor/laravel/framework/src/Illuminate/Database/Eloquent/Model.php(1295): Illuminate\\Database\\Eloquent\\Model->insertAndSetId()
#10 /mnt/01D9961CD1E189D0/BWS/Hillstay/MyTravel/vendor/laravel/framework/src/Illuminate/Database/Eloquent/Model.php(1138): Illuminate\\Database\\Eloquent\\Model->performInsert()
#11 /mnt/01D9961CD1E189D0/BWS/Hillstay/MyTravel/vendor/laravel/framework/src/Illuminate/Database/Eloquent/Builder.php(986): Illuminate\\Database\\Eloquent\\Model->save()
#12 /mnt/01D9961CD1E189D0/BWS/Hillstay/MyTravel/vendor/laravel/framework/src/Illuminate/Support/helpers.php(306): Illuminate\\Database\\Eloquent\\Builder->Illuminate\\Database\\Eloquent\\{closure}()
#13 /mnt/01D9961CD1E189D0/BWS/Hillstay/MyTravel/vendor/laravel/framework/src/Illuminate/Database/Eloquent/Builder.php(985): tap()
#14 /mnt/01D9961CD1E189D0/BWS/Hillstay/MyTravel/vendor/laravel/framework/src/Illuminate/Support/Traits/ForwardsCalls.php(23): Illuminate\\Database\\Eloquent\\Builder->create()
#15 /mnt/01D9961CD1E189D0/BWS/Hillstay/MyTravel/vendor/laravel/framework/src/Illuminate/Database/Eloquent/Model.php(2330): Illuminate\\Database\\Eloquent\\Model->forwardCallTo()
#16 /mnt/01D9961CD1E189D0/BWS/Hillstay/MyTravel/vendor/laravel/framework/src/Illuminate/Database/Eloquent/Model.php(2342): Illuminate\\Database\\Eloquent\\Model->__call()
#17 /mnt/01D9961CD1E189D0/BWS/Hillstay/MyTravel/modules/Core/Installer/DatabaseController.php(33): Illuminate\\Database\\Eloquent\\Model::__callStatic()
#18 /mnt/01D9961CD1E189D0/BWS/Hillstay/MyTravel/vendor/laravel/framework/src/Illuminate/Routing/Controller.php(54): Modules\\Core\\Installer\\DatabaseController->database()
#19 /mnt/01D9961CD1E189D0/BWS/Hillstay/MyTravel/vendor/laravel/framework/src/Illuminate/Routing/ControllerDispatcher.php(43): Illuminate\\Routing\\Controller->callAction()
#20 /mnt/01D9961CD1E189D0/BWS/Hillstay/MyTravel/vendor/laravel/framework/src/Illuminate/Routing/Route.php(259): Illuminate\\Routing\\ControllerDispatcher->dispatch()
#21 /mnt/01D9961CD1E189D0/BWS/Hillstay/MyTravel/vendor/laravel/framework/src/Illuminate/Routing/Route.php(205): Illuminate\\Routing\\Route->runController()
#22 /mnt/01D9961CD1E189D0/BWS/Hillstay/MyTravel/vendor/laravel/framework/src/Illuminate/Routing/Router.php(798): Illuminate\\Routing\\Route->run()
#23 /mnt/01D9961CD1E189D0/BWS/Hillstay/MyTravel/vendor/laravel/framework/src/Illuminate/Pipeline/Pipeline.php(141): Illuminate\\Routing\\Router->Illuminate\\Routing\\{closure}()
#24 /mnt/01D9961CD1E189D0/BWS/Hillstay/MyTravel/vendor/rachidlaasri/laravel-installer/src/Middleware/canInstall.php(48): Illuminate\\Pipeline\\Pipeline->Illuminate\\Pipeline\\{closure}()
#25 /mnt/01D9961CD1E189D0/BWS/Hillstay/MyTravel/vendor/laravel/framework/src/Illuminate/Pipeline/Pipeline.php(180): RachidLaasri\\LaravelInstaller\\Middleware\\canInstall->handle()
#26 /mnt/01D9961CD1E189D0/BWS/Hillstay/MyTravel/app/Http/Middleware/RequireChangePassword.php(41): Illuminate\\Pipeline\\Pipeline->Illuminate\\Pipeline\\{closure}()
#27 /mnt/01D9961CD1E189D0/BWS/Hillstay/MyTravel/vendor/laravel/framework/src/Illuminate/Pipeline/Pipeline.php(180): App\\Http\\Middleware\\RequireChangePassword->handle()
#28 /mnt/01D9961CD1E189D0/BWS/Hillstay/MyTravel/app/Http/Middleware/SetLanguageForAdmin.php(37): Illuminate\\Pipeline\\Pipeline->Illuminate\\Pipeline\\{closure}()
#29 /mnt/01D9961CD1E189D0/BWS/Hillstay/MyTravel/vendor/laravel/framework/src/Illuminate/Pipeline/Pipeline.php(180): App\\Http\\Middleware\\SetLanguageForAdmin->handle()
#30 /mnt/01D9961CD1E189D0/BWS/Hillstay/MyTravel/app/Http/Middleware/SetCurrentCurrency.php(48): Illuminate\\Pipeline\\Pipeline->Illuminate\\Pipeline\\{closure}()
#31 /mnt/01D9961CD1E189D0/BWS/Hillstay/MyTravel/vendor/laravel/framework/src/Illuminate/Pipeline/Pipeline.php(180): App\\Http\\Middleware\\SetCurrentCurrency->handle()
#32 /mnt/01D9961CD1E189D0/BWS/Hillstay/MyTravel/app/Http/Middleware/HideDebugbar.php(32): Illuminate\\Pipeline\\Pipeline->Illuminate\\Pipeline\\{closure}()
#33 /mnt/01D9961CD1E189D0/BWS/Hillstay/MyTravel/vendor/laravel/framework/src/Illuminate/Pipeline/Pipeline.php(180): App\\Http\\Middleware\\HideDebugbar->handle()
#34 /mnt/01D9961CD1E189D0/BWS/Hillstay/MyTravel/app/Http/Middleware/RedirectForMultiLanguage.php(58): Illuminate\\Pipeline\\Pipeline->Illuminate\\Pipeline\\{closure}()
#35 /mnt/01D9961CD1E189D0/BWS/Hillstay/MyTravel/vendor/laravel/framework/src/Illuminate/Pipeline/Pipeline.php(180): App\\Http\\Middleware\\RedirectForMultiLanguage->handle()
#36 /mnt/01D9961CD1E189D0/BWS/Hillstay/MyTravel/vendor/laravel/framework/src/Illuminate/Routing/Middleware/SubstituteBindings.php(50): Illuminate\\Pipeline\\Pipeline->Illuminate\\Pipeline\\{closure}()
#37 /mnt/01D9961CD1E189D0/BWS/Hillstay/MyTravel/vendor/laravel/framework/src/Illuminate/Pipeline/Pipeline.php(180): Illuminate\\Routing\\Middleware\\SubstituteBindings->handle()
#38 /mnt/01D9961CD1E189D0/BWS/Hillstay/MyTravel/vendor/laravel/framework/src/Illuminate/Foundation/Http/Middleware/VerifyCsrfToken.php(78): Illuminate\\Pipeline\\Pipeline->Illuminate\\Pipeline\\{closure}()
#39 /mnt/01D9961CD1E189D0/BWS/Hillstay/MyTravel/vendor/laravel/framework/src/Illuminate/Pipeline/Pipeline.php(180): Illuminate\\Foundation\\Http\\Middleware\\VerifyCsrfToken->handle()
#40 /mnt/01D9961CD1E189D0/BWS/Hillstay/MyTravel/vendor/laravel/framework/src/Illuminate/View/Middleware/ShareErrorsFromSession.php(49): Illuminate\\Pipeline\\Pipeline->Illuminate\\Pipeline\\{closure}()
#41 /mnt/01D9961CD1E189D0/BWS/Hillstay/MyTravel/vendor/laravel/framework/src/Illuminate/Pipeline/Pipeline.php(180): Illuminate\\View\\Middleware\\ShareErrorsFromSession->handle()
#42 /mnt/01D9961CD1E189D0/BWS/Hillstay/MyTravel/vendor/laravel/framework/src/Illuminate/Session/Middleware/StartSession.php(121): Illuminate\\Pipeline\\Pipeline->Illuminate\\Pipeline\\{closure}()
#43 /mnt/01D9961CD1E189D0/BWS/Hillstay/MyTravel/vendor/laravel/framework/src/Illuminate/Session/Middleware/StartSession.php(64): Illuminate\\Session\\Middleware\\StartSession->handleStatefulRequest()
#44 /mnt/01D9961CD1E189D0/BWS/Hillstay/MyTravel/vendor/laravel/framework/src/Illuminate/Pipeline/Pipeline.php(180): Illuminate\\Session\\Middleware\\StartSession->handle()
#45 /mnt/01D9961CD1E189D0/BWS/Hillstay/MyTravel/vendor/laravel/framework/src/Illuminate/Cookie/Middleware/AddQueuedCookiesToResponse.php(37): Illuminate\\Pipeline\\Pipeline->Illuminate\\Pipeline\\{closure}()
#46 /mnt/01D9961CD1E189D0/BWS/Hillstay/MyTravel/vendor/laravel/framework/src/Illuminate/Pipeline/Pipeline.php(180): Illuminate\\Cookie\\Middleware\\AddQueuedCookiesToResponse->handle()
#47 /mnt/01D9961CD1E189D0/BWS/Hillstay/MyTravel/vendor/laravel/framework/src/Illuminate/Cookie/Middleware/EncryptCookies.php(67): Illuminate\\Pipeline\\Pipeline->Illuminate\\Pipeline\\{closure}()
#48 /mnt/01D9961CD1E189D0/BWS/Hillstay/MyTravel/vendor/laravel/framework/src/Illuminate/Pipeline/Pipeline.php(180): Illuminate\\Cookie\\Middleware\\EncryptCookies->handle()
#49 /mnt/01D9961CD1E189D0/BWS/Hillstay/MyTravel/vendor/laravel/framework/src/Illuminate/Pipeline/Pipeline.php(116): Illuminate\\Pipeline\\Pipeline->Illuminate\\Pipeline\\{closure}()
#50 /mnt/01D9961CD1E189D0/BWS/Hillstay/MyTravel/vendor/laravel/framework/src/Illuminate/Routing/Router.php(797): Illuminate\\Pipeline\\Pipeline->then()
#51 /mnt/01D9961CD1E189D0/BWS/Hillstay/MyTravel/vendor/laravel/framework/src/Illuminate/Routing/Router.php(776): Illuminate\\Routing\\Router->runRouteWithinStack()
#52 /mnt/01D9961CD1E189D0/BWS/Hillstay/MyTravel/vendor/laravel/framework/src/Illuminate/Routing/Router.php(740): Illuminate\\Routing\\Router->runRoute()
#53 /mnt/01D9961CD1E189D0/BWS/Hillstay/MyTravel/vendor/laravel/framework/src/Illuminate/Routing/Router.php(729): Illuminate\\Routing\\Router->dispatchToRoute()
#54 /mnt/01D9961CD1E189D0/BWS/Hillstay/MyTravel/vendor/laravel/framework/src/Illuminate/Foundation/Http/Kernel.php(190): Illuminate\\Routing\\Router->dispatch()
#55 /mnt/01D9961CD1E189D0/BWS/Hillstay/MyTravel/vendor/laravel/framework/src/Illuminate/Pipeline/Pipeline.php(141): Illuminate\\Foundation\\Http\\Kernel->Illuminate\\Foundation\\Http\\{closure}()
#56 /mnt/01D9961CD1E189D0/BWS/Hillstay/MyTravel/themes/Base/Core/Middleware/RunUpdater.php(76): Illuminate\\Pipeline\\Pipeline->Illuminate\\Pipeline\\{closure}()
#57 /mnt/01D9961CD1E189D0/BWS/Hillstay/MyTravel/vendor/laravel/framework/src/Illuminate/Pipeline/Pipeline.php(180): Themes\\Base\\Core\\Middleware\\RunUpdater->handle()
#58 /mnt/01D9961CD1E189D0/BWS/Hillstay/MyTravel/vendor/barryvdh/laravel-debugbar/src/Middleware/InjectDebugbar.php(59): Illuminate\\Pipeline\\Pipeline->Illuminate\\Pipeline\\{closure}()
#59 /mnt/01D9961CD1E189D0/BWS/Hillstay/MyTravel/vendor/laravel/framework/src/Illuminate/Pipeline/Pipeline.php(180): Barryvdh\\Debugbar\\Middleware\\InjectDebugbar->handle()
#60 /mnt/01D9961CD1E189D0/BWS/Hillstay/MyTravel/vendor/laravel/framework/src/Illuminate/Foundation/Http/Middleware/TransformsRequest.php(21): Illuminate\\Pipeline\\Pipeline->Illuminate\\Pipeline\\{closure}()
#61 /mnt/01D9961CD1E189D0/BWS/Hillstay/MyTravel/vendor/laravel/framework/src/Illuminate/Foundation/Http/Middleware/ConvertEmptyStringsToNull.php(31): Illuminate\\Foundation\\Http\\Middleware\\TransformsRequest->handle()
#62 /mnt/01D9961CD1E189D0/BWS/Hillstay/MyTravel/vendor/laravel/framework/src/Illuminate/Pipeline/Pipeline.php(180): Illuminate\\Foundation\\Http\\Middleware\\ConvertEmptyStringsToNull->handle()
#63 /mnt/01D9961CD1E189D0/BWS/Hillstay/MyTravel/vendor/laravel/framework/src/Illuminate/Foundation/Http/Middleware/TransformsRequest.php(21): Illuminate\\Pipeline\\Pipeline->Illuminate\\Pipeline\\{closure}()
#64 /mnt/01D9961CD1E189D0/BWS/Hillstay/MyTravel/vendor/laravel/framework/src/Illuminate/Foundation/Http/Middleware/TrimStrings.php(40): Illuminate\\Foundation\\Http\\Middleware\\TransformsRequest->handle()
#65 /mnt/01D9961CD1E189D0/BWS/Hillstay/MyTravel/vendor/laravel/framework/src/Illuminate/Pipeline/Pipeline.php(180): Illuminate\\Foundation\\Http\\Middleware\\TrimStrings->handle()
#66 /mnt/01D9961CD1E189D0/BWS/Hillstay/MyTravel/vendor/laravel/framework/src/Illuminate/Foundation/Http/Middleware/ValidatePostSize.php(27): Illuminate\\Pipeline\\Pipeline->Illuminate\\Pipeline\\{closure}()
#67 /mnt/01D9961CD1E189D0/BWS/Hillstay/MyTravel/vendor/laravel/framework/src/Illuminate/Pipeline/Pipeline.php(180): Illuminate\\Foundation\\Http\\Middleware\\ValidatePostSize->handle()
#68 /mnt/01D9961CD1E189D0/BWS/Hillstay/MyTravel/vendor/laravel/framework/src/Illuminate/Foundation/Http/Middleware/PreventRequestsDuringMaintenance.php(86): Illuminate\\Pipeline\\Pipeline->Illuminate\\Pipeline\\{closure}()
#69 /mnt/01D9961CD1E189D0/BWS/Hillstay/MyTravel/vendor/laravel/framework/src/Illuminate/Pipeline/Pipeline.php(180): Illuminate\\Foundation\\Http\\Middleware\\PreventRequestsDuringMaintenance->handle()
#70 /mnt/01D9961CD1E189D0/BWS/Hillstay/MyTravel/vendor/laravel/framework/src/Illuminate/Http/Middleware/HandleCors.php(49): Illuminate\\Pipeline\\Pipeline->Illuminate\\Pipeline\\{closure}()
#71 /mnt/01D9961CD1E189D0/BWS/Hillstay/MyTravel/vendor/laravel/framework/src/Illuminate/Pipeline/Pipeline.php(180): Illuminate\\Http\\Middleware\\HandleCors->handle()
#72 /mnt/01D9961CD1E189D0/BWS/Hillstay/MyTravel/app/Http/Middleware/RedirectToInstaller.php(40): Illuminate\\Pipeline\\Pipeline->Illuminate\\Pipeline\\{closure}()
#73 /mnt/01D9961CD1E189D0/BWS/Hillstay/MyTravel/vendor/laravel/framework/src/Illuminate/Pipeline/Pipeline.php(180): App\\Http\\Middleware\\RedirectToInstaller->handle()
#74 /mnt/01D9961CD1E189D0/BWS/Hillstay/MyTravel/vendor/laravel/framework/src/Illuminate/Http/Middleware/TrustProxies.php(39): Illuminate\\Pipeline\\Pipeline->Illuminate\\Pipeline\\{closure}()
#75 /mnt/01D9961CD1E189D0/BWS/Hillstay/MyTravel/vendor/laravel/framework/src/Illuminate/Pipeline/Pipeline.php(180): Illuminate\\Http\\Middleware\\TrustProxies->handle()
#76 /mnt/01D9961CD1E189D0/BWS/Hillstay/MyTravel/vendor/laravel/framework/src/Illuminate/Pipeline/Pipeline.php(116): Illuminate\\Pipeline\\Pipeline->Illuminate\\Pipeline\\{closure}()
#77 /mnt/01D9961CD1E189D0/BWS/Hillstay/MyTravel/vendor/laravel/framework/src/Illuminate/Foundation/Http/Kernel.php(165): Illuminate\\Pipeline\\Pipeline->then()
#78 /mnt/01D9961CD1E189D0/BWS/Hillstay/MyTravel/vendor/laravel/framework/src/Illuminate/Foundation/Http/Kernel.php(134): Illuminate\\Foundation\\Http\\Kernel->sendRequestThroughRouter()
#79 /mnt/01D9961CD1E189D0/BWS/Hillstay/MyTravel/public/index.php(77): Illuminate\\Foundation\\Http\\Kernel->handle()
#80 /home/ahtesham/.config/composer/vendor/cpriego/valet-linux/server.php(239): require('...')
#81 {main}
"} 
