[2024-11-12 13:26:13] production.ERROR: SQLSTATE[HY000] [1698] Access denied for user 'root'@'localhost' (SQL: select * from `core_settings` where `name` = MT_update_to_130 limit 1) {"exception":"[object] (Illuminate\\Database\\QueryException(code: 1698): SQLSTATE[HY000] [1698] Access denied for user 'root'@'localhost' (SQL: select * from `core_settings` where `name` = MT_update_to_130 limit 1) at /mnt/01D9961CD1E189D0/BWS/Hillstay/MyTravel/vendor/laravel/framework/src/Illuminate/Database/Connection.php:760)
[stacktrace]
#0 /mnt/01D9961CD1E189D0/BWS/Hillstay/MyTravel/vendor/laravel/framework/src/Illuminate/Database/Connection.php(720): Illuminate\\Database\\Connection->runQueryCallback()
#1 /mnt/01D9961CD1E189D0/BWS/Hillstay/MyTravel/vendor/laravel/framework/src/Illuminate/Database/Connection.php(405): Illuminate\\Database\\Connection->run()
#2 /mnt/01D9961CD1E189D0/BWS/Hillstay/MyTravel/vendor/laravel/framework/src/Illuminate/Database/Query/Builder.php(2705): Illuminate\\Database\\Connection->select()
#3 /mnt/01D9961CD1E189D0/BWS/Hillstay/MyTravel/vendor/laravel/framework/src/Illuminate/Database/Query/Builder.php(2694): Illuminate\\Database\\Query\\Builder->runSelect()
#4 /mnt/01D9961CD1E189D0/BWS/Hillstay/MyTravel/vendor/laravel/framework/src/Illuminate/Database/Query/Builder.php(3230): Illuminate\\Database\\Query\\Builder->Illuminate\\Database\\Query\\{closure}()
#5 /mnt/01D9961CD1E189D0/BWS/Hillstay/MyTravel/vendor/laravel/framework/src/Illuminate/Database/Query/Builder.php(2693): Illuminate\\Database\\Query\\Builder->onceWithColumns()
#6 /mnt/01D9961CD1E189D0/BWS/Hillstay/MyTravel/vendor/laravel/framework/src/Illuminate/Database/Eloquent/Builder.php(710): Illuminate\\Database\\Query\\Builder->get()
#7 /mnt/01D9961CD1E189D0/BWS/Hillstay/MyTravel/vendor/laravel/framework/src/Illuminate/Database/Eloquent/Builder.php(694): Illuminate\\Database\\Eloquent\\Builder->getModels()
#8 /mnt/01D9961CD1E189D0/BWS/Hillstay/MyTravel/vendor/laravel/framework/src/Illuminate/Database/Concerns/BuildsQueries.php(296): Illuminate\\Database\\Eloquent\\Builder->get()
#9 /mnt/01D9961CD1E189D0/BWS/Hillstay/MyTravel/modules/Core/Models/Settings.php(32): Illuminate\\Database\\Eloquent\\Builder->first()
#10 /mnt/01D9961CD1E189D0/BWS/Hillstay/MyTravel/vendor/laravel/framework/src/Illuminate/Cache/Repository.php(438): Modules\\Core\\Models\\Settings::Modules\\Core\\Models\\{closure}()
#11 /mnt/01D9961CD1E189D0/BWS/Hillstay/MyTravel/vendor/laravel/framework/src/Illuminate/Cache/CacheManager.php(408): Illuminate\\Cache\\Repository->rememberForever()
#12 /mnt/01D9961CD1E189D0/BWS/Hillstay/MyTravel/vendor/laravel/framework/src/Illuminate/Support/Facades/Facade.php(338): Illuminate\\Cache\\CacheManager->__call()
#13 /mnt/01D9961CD1E189D0/BWS/Hillstay/MyTravel/modules/Core/Models/Settings.php(31): Illuminate\\Support\\Facades\\Facade::__callStatic()
#14 /mnt/01D9961CD1E189D0/BWS/Hillstay/MyTravel/app/Helpers/AppHelper.php(18): Modules\\Core\\Models\\Settings::item()
#15 /mnt/01D9961CD1E189D0/BWS/Hillstay/MyTravel/themes/Mytravel/UpdaterProvider.php(24): setting_item()
#16 /mnt/01D9961CD1E189D0/BWS/Hillstay/MyTravel/themes/Mytravel/UpdaterProvider.php(18): Themes\\Mytravel\\UpdaterProvider->runUpdateTo130()
#17 /mnt/01D9961CD1E189D0/BWS/Hillstay/MyTravel/vendor/laravel/framework/src/Illuminate/Container/BoundMethod.php(36): Themes\\Mytravel\\UpdaterProvider->boot()
#18 /mnt/01D9961CD1E189D0/BWS/Hillstay/MyTravel/vendor/laravel/framework/src/Illuminate/Container/Util.php(41): Illuminate\\Container\\BoundMethod::Illuminate\\Container\\{closure}()
#19 /mnt/01D9961CD1E189D0/BWS/Hillstay/MyTravel/vendor/laravel/framework/src/Illuminate/Container/BoundMethod.php(93): Illuminate\\Container\\Util::unwrapIfClosure()
#20 /mnt/01D9961CD1E189D0/BWS/Hillstay/MyTravel/vendor/laravel/framework/src/Illuminate/Container/BoundMethod.php(35): Illuminate\\Container\\BoundMethod::callBoundMethod()
#21 /mnt/01D9961CD1E189D0/BWS/Hillstay/MyTravel/vendor/laravel/framework/src/Illuminate/Container/Container.php(661): Illuminate\\Container\\BoundMethod::call()
#22 /mnt/01D9961CD1E189D0/BWS/Hillstay/MyTravel/vendor/laravel/framework/src/Illuminate/Foundation/Application.php(929): Illuminate\\Container\\Container->call()
#23 /mnt/01D9961CD1E189D0/BWS/Hillstay/MyTravel/vendor/laravel/framework/src/Illuminate/Foundation/Application.php(910): Illuminate\\Foundation\\Application->bootProvider()
#24 [internal function]: Illuminate\\Foundation\\Application->Illuminate\\Foundation\\{closure}()
#25 /mnt/01D9961CD1E189D0/BWS/Hillstay/MyTravel/vendor/laravel/framework/src/Illuminate/Foundation/Application.php(909): array_walk()
#26 /mnt/01D9961CD1E189D0/BWS/Hillstay/MyTravel/vendor/laravel/framework/src/Illuminate/Foundation/Bootstrap/BootProviders.php(17): Illuminate\\Foundation\\Application->boot()
#27 /mnt/01D9961CD1E189D0/BWS/Hillstay/MyTravel/vendor/laravel/framework/src/Illuminate/Foundation/Application.php(242): Illuminate\\Foundation\\Bootstrap\\BootProviders->bootstrap()
#28 /mnt/01D9961CD1E189D0/BWS/Hillstay/MyTravel/vendor/laravel/framework/src/Illuminate/Foundation/Http/Kernel.php(176): Illuminate\\Foundation\\Application->bootstrapWith()
#29 /mnt/01D9961CD1E189D0/BWS/Hillstay/MyTravel/vendor/laravel/framework/src/Illuminate/Foundation/Http/Kernel.php(160): Illuminate\\Foundation\\Http\\Kernel->bootstrap()
#30 /mnt/01D9961CD1E189D0/BWS/Hillstay/MyTravel/vendor/laravel/framework/src/Illuminate/Foundation/Http/Kernel.php(134): Illuminate\\Foundation\\Http\\Kernel->sendRequestThroughRouter()
#31 /mnt/01D9961CD1E189D0/BWS/Hillstay/MyTravel/public/index.php(77): Illuminate\\Foundation\\Http\\Kernel->handle()
#32 /home/ahtesham/.config/composer/vendor/cpriego/valet-linux/server.php(239): require('...')
#33 {main}

[previous exception] [object] (PDOException(code: 1698): SQLSTATE[HY000] [1698] Access denied for user 'root'@'localhost' at /mnt/01D9961CD1E189D0/BWS/Hillstay/MyTravel/vendor/laravel/framework/src/Illuminate/Database/Connectors/Connector.php:70)
[stacktrace]
#0 /mnt/01D9961CD1E189D0/BWS/Hillstay/MyTravel/vendor/laravel/framework/src/Illuminate/Database/Connectors/Connector.php(70): PDO->__construct()
#1 /mnt/01D9961CD1E189D0/BWS/Hillstay/MyTravel/vendor/laravel/framework/src/Illuminate/Database/Connectors/Connector.php(45): Illuminate\\Database\\Connectors\\Connector->createPdoConnection()
#2 /mnt/01D9961CD1E189D0/BWS/Hillstay/MyTravel/vendor/laravel/framework/src/Illuminate/Database/Connectors/MySqlConnector.php(24): Illuminate\\Database\\Connectors\\Connector->createConnection()
#3 /mnt/01D9961CD1E189D0/BWS/Hillstay/MyTravel/vendor/laravel/framework/src/Illuminate/Database/Connectors/ConnectionFactory.php(184): Illuminate\\Database\\Connectors\\MySqlConnector->connect()
#4 [internal function]: Illuminate\\Database\\Connectors\\ConnectionFactory->Illuminate\\Database\\Connectors\\{closure}()
#5 /mnt/01D9961CD1E189D0/BWS/Hillstay/MyTravel/vendor/laravel/framework/src/Illuminate/Database/Connection.php(1181): call_user_func()
#6 /mnt/01D9961CD1E189D0/BWS/Hillstay/MyTravel/vendor/laravel/framework/src/Illuminate/Database/Connection.php(1217): Illuminate\\Database\\Connection->getPdo()
#7 /mnt/01D9961CD1E189D0/BWS/Hillstay/MyTravel/vendor/laravel/framework/src/Illuminate/Database/Connection.php(486): Illuminate\\Database\\Connection->getReadPdo()
#8 /mnt/01D9961CD1E189D0/BWS/Hillstay/MyTravel/vendor/laravel/framework/src/Illuminate/Database/Connection.php(414): Illuminate\\Database\\Connection->getPdoForSelect()
#9 /mnt/01D9961CD1E189D0/BWS/Hillstay/MyTravel/vendor/laravel/framework/src/Illuminate/Database/Connection.php(753): Illuminate\\Database\\Connection->Illuminate\\Database\\{closure}()
#10 /mnt/01D9961CD1E189D0/BWS/Hillstay/MyTravel/vendor/laravel/framework/src/Illuminate/Database/Connection.php(720): Illuminate\\Database\\Connection->runQueryCallback()
#11 /mnt/01D9961CD1E189D0/BWS/Hillstay/MyTravel/vendor/laravel/framework/src/Illuminate/Database/Connection.php(405): Illuminate\\Database\\Connection->run()
#12 /mnt/01D9961CD1E189D0/BWS/Hillstay/MyTravel/vendor/laravel/framework/src/Illuminate/Database/Query/Builder.php(2705): Illuminate\\Database\\Connection->select()
#13 /mnt/01D9961CD1E189D0/BWS/Hillstay/MyTravel/vendor/laravel/framework/src/Illuminate/Database/Query/Builder.php(2694): Illuminate\\Database\\Query\\Builder->runSelect()
#14 /mnt/01D9961CD1E189D0/BWS/Hillstay/MyTravel/vendor/laravel/framework/src/Illuminate/Database/Query/Builder.php(3230): Illuminate\\Database\\Query\\Builder->Illuminate\\Database\\Query\\{closure}()
#15 /mnt/01D9961CD1E189D0/BWS/Hillstay/MyTravel/vendor/laravel/framework/src/Illuminate/Database/Query/Builder.php(2693): Illuminate\\Database\\Query\\Builder->onceWithColumns()
#16 /mnt/01D9961CD1E189D0/BWS/Hillstay/MyTravel/vendor/laravel/framework/src/Illuminate/Database/Eloquent/Builder.php(710): Illuminate\\Database\\Query\\Builder->get()
#17 /mnt/01D9961CD1E189D0/BWS/Hillstay/MyTravel/vendor/laravel/framework/src/Illuminate/Database/Eloquent/Builder.php(694): Illuminate\\Database\\Eloquent\\Builder->getModels()
#18 /mnt/01D9961CD1E189D0/BWS/Hillstay/MyTravel/vendor/laravel/framework/src/Illuminate/Database/Concerns/BuildsQueries.php(296): Illuminate\\Database\\Eloquent\\Builder->get()
#19 /mnt/01D9961CD1E189D0/BWS/Hillstay/MyTravel/modules/Core/Models/Settings.php(32): Illuminate\\Database\\Eloquent\\Builder->first()
#20 /mnt/01D9961CD1E189D0/BWS/Hillstay/MyTravel/vendor/laravel/framework/src/Illuminate/Cache/Repository.php(438): Modules\\Core\\Models\\Settings::Modules\\Core\\Models\\{closure}()
#21 /mnt/01D9961CD1E189D0/BWS/Hillstay/MyTravel/vendor/laravel/framework/src/Illuminate/Cache/CacheManager.php(408): Illuminate\\Cache\\Repository->rememberForever()
#22 /mnt/01D9961CD1E189D0/BWS/Hillstay/MyTravel/vendor/laravel/framework/src/Illuminate/Support/Facades/Facade.php(338): Illuminate\\Cache\\CacheManager->__call()
#23 /mnt/01D9961CD1E189D0/BWS/Hillstay/MyTravel/modules/Core/Models/Settings.php(31): Illuminate\\Support\\Facades\\Facade::__callStatic()
#24 /mnt/01D9961CD1E189D0/BWS/Hillstay/MyTravel/app/Helpers/AppHelper.php(18): Modules\\Core\\Models\\Settings::item()
#25 /mnt/01D9961CD1E189D0/BWS/Hillstay/MyTravel/themes/Mytravel/UpdaterProvider.php(24): setting_item()
#26 /mnt/01D9961CD1E189D0/BWS/Hillstay/MyTravel/themes/Mytravel/UpdaterProvider.php(18): Themes\\Mytravel\\UpdaterProvider->runUpdateTo130()
#27 /mnt/01D9961CD1E189D0/BWS/Hillstay/MyTravel/vendor/laravel/framework/src/Illuminate/Container/BoundMethod.php(36): Themes\\Mytravel\\UpdaterProvider->boot()
#28 /mnt/01D9961CD1E189D0/BWS/Hillstay/MyTravel/vendor/laravel/framework/src/Illuminate/Container/Util.php(41): Illuminate\\Container\\BoundMethod::Illuminate\\Container\\{closure}()
#29 /mnt/01D9961CD1E189D0/BWS/Hillstay/MyTravel/vendor/laravel/framework/src/Illuminate/Container/BoundMethod.php(93): Illuminate\\Container\\Util::unwrapIfClosure()
#30 /mnt/01D9961CD1E189D0/BWS/Hillstay/MyTravel/vendor/laravel/framework/src/Illuminate/Container/BoundMethod.php(35): Illuminate\\Container\\BoundMethod::callBoundMethod()
#31 /mnt/01D9961CD1E189D0/BWS/Hillstay/MyTravel/vendor/laravel/framework/src/Illuminate/Container/Container.php(661): Illuminate\\Container\\BoundMethod::call()
#32 /mnt/01D9961CD1E189D0/BWS/Hillstay/MyTravel/vendor/laravel/framework/src/Illuminate/Foundation/Application.php(929): Illuminate\\Container\\Container->call()
#33 /mnt/01D9961CD1E189D0/BWS/Hillstay/MyTravel/vendor/laravel/framework/src/Illuminate/Foundation/Application.php(910): Illuminate\\Foundation\\Application->bootProvider()
#34 [internal function]: Illuminate\\Foundation\\Application->Illuminate\\Foundation\\{closure}()
#35 /mnt/01D9961CD1E189D0/BWS/Hillstay/MyTravel/vendor/laravel/framework/src/Illuminate/Foundation/Application.php(909): array_walk()
#36 /mnt/01D9961CD1E189D0/BWS/Hillstay/MyTravel/vendor/laravel/framework/src/Illuminate/Foundation/Bootstrap/BootProviders.php(17): Illuminate\\Foundation\\Application->boot()
#37 /mnt/01D9961CD1E189D0/BWS/Hillstay/MyTravel/vendor/laravel/framework/src/Illuminate/Foundation/Application.php(242): Illuminate\\Foundation\\Bootstrap\\BootProviders->bootstrap()
#38 /mnt/01D9961CD1E189D0/BWS/Hillstay/MyTravel/vendor/laravel/framework/src/Illuminate/Foundation/Http/Kernel.php(176): Illuminate\\Foundation\\Application->bootstrapWith()
#39 /mnt/01D9961CD1E189D0/BWS/Hillstay/MyTravel/vendor/laravel/framework/src/Illuminate/Foundation/Http/Kernel.php(160): Illuminate\\Foundation\\Http\\Kernel->bootstrap()
#40 /mnt/01D9961CD1E189D0/BWS/Hillstay/MyTravel/vendor/laravel/framework/src/Illuminate/Foundation/Http/Kernel.php(134): Illuminate\\Foundation\\Http\\Kernel->sendRequestThroughRouter()
#41 /mnt/01D9961CD1E189D0/BWS/Hillstay/MyTravel/public/index.php(77): Illuminate\\Foundation\\Http\\Kernel->handle()
#42 /home/ahtesham/.config/composer/vendor/cpriego/valet-linux/server.php(239): require('...')
#43 {main}
"} 
[2024-11-12 13:26:17] production.ERROR: SQLSTATE[HY000] [1698] Access denied for user 'root'@'localhost' (SQL: select * from `core_settings` where `name` = MT_update_to_130 limit 1) {"exception":"[object] (Illuminate\\Database\\QueryException(code: 1698): SQLSTATE[HY000] [1698] Access denied for user 'root'@'localhost' (SQL: select * from `core_settings` where `name` = MT_update_to_130 limit 1) at /mnt/01D9961CD1E189D0/BWS/Hillstay/MyTravel/vendor/laravel/framework/src/Illuminate/Database/Connection.php:760)
[stacktrace]
#0 /mnt/01D9961CD1E189D0/BWS/Hillstay/MyTravel/vendor/laravel/framework/src/Illuminate/Database/Connection.php(720): Illuminate\\Database\\Connection->runQueryCallback()
#1 /mnt/01D9961CD1E189D0/BWS/Hillstay/MyTravel/vendor/laravel/framework/src/Illuminate/Database/Connection.php(405): Illuminate\\Database\\Connection->run()
#2 /mnt/01D9961CD1E189D0/BWS/Hillstay/MyTravel/vendor/laravel/framework/src/Illuminate/Database/Query/Builder.php(2705): Illuminate\\Database\\Connection->select()
#3 /mnt/01D9961CD1E189D0/BWS/Hillstay/MyTravel/vendor/laravel/framework/src/Illuminate/Database/Query/Builder.php(2694): Illuminate\\Database\\Query\\Builder->runSelect()
#4 /mnt/01D9961CD1E189D0/BWS/Hillstay/MyTravel/vendor/laravel/framework/src/Illuminate/Database/Query/Builder.php(3230): Illuminate\\Database\\Query\\Builder->Illuminate\\Database\\Query\\{closure}()
#5 /mnt/01D9961CD1E189D0/BWS/Hillstay/MyTravel/vendor/laravel/framework/src/Illuminate/Database/Query/Builder.php(2693): Illuminate\\Database\\Query\\Builder->onceWithColumns()
#6 /mnt/01D9961CD1E189D0/BWS/Hillstay/MyTravel/vendor/laravel/framework/src/Illuminate/Database/Eloquent/Builder.php(710): Illuminate\\Database\\Query\\Builder->get()
#7 /mnt/01D9961CD1E189D0/BWS/Hillstay/MyTravel/vendor/laravel/framework/src/Illuminate/Database/Eloquent/Builder.php(694): Illuminate\\Database\\Eloquent\\Builder->getModels()
#8 /mnt/01D9961CD1E189D0/BWS/Hillstay/MyTravel/vendor/laravel/framework/src/Illuminate/Database/Concerns/BuildsQueries.php(296): Illuminate\\Database\\Eloquent\\Builder->get()
#9 /mnt/01D9961CD1E189D0/BWS/Hillstay/MyTravel/modules/Core/Models/Settings.php(32): Illuminate\\Database\\Eloquent\\Builder->first()
#10 /mnt/01D9961CD1E189D0/BWS/Hillstay/MyTravel/vendor/laravel/framework/src/Illuminate/Cache/Repository.php(438): Modules\\Core\\Models\\Settings::Modules\\Core\\Models\\{closure}()
#11 /mnt/01D9961CD1E189D0/BWS/Hillstay/MyTravel/vendor/laravel/framework/src/Illuminate/Cache/CacheManager.php(408): Illuminate\\Cache\\Repository->rememberForever()
#12 /mnt/01D9961CD1E189D0/BWS/Hillstay/MyTravel/vendor/laravel/framework/src/Illuminate/Support/Facades/Facade.php(338): Illuminate\\Cache\\CacheManager->__call()
#13 /mnt/01D9961CD1E189D0/BWS/Hillstay/MyTravel/modules/Core/Models/Settings.php(31): Illuminate\\Support\\Facades\\Facade::__callStatic()
#14 /mnt/01D9961CD1E189D0/BWS/Hillstay/MyTravel/app/Helpers/AppHelper.php(18): Modules\\Core\\Models\\Settings::item()
#15 /mnt/01D9961CD1E189D0/BWS/Hillstay/MyTravel/themes/Mytravel/UpdaterProvider.php(24): setting_item()
#16 /mnt/01D9961CD1E189D0/BWS/Hillstay/MyTravel/themes/Mytravel/UpdaterProvider.php(18): Themes\\Mytravel\\UpdaterProvider->runUpdateTo130()
#17 /mnt/01D9961CD1E189D0/BWS/Hillstay/MyTravel/vendor/laravel/framework/src/Illuminate/Container/BoundMethod.php(36): Themes\\Mytravel\\UpdaterProvider->boot()
#18 /mnt/01D9961CD1E189D0/BWS/Hillstay/MyTravel/vendor/laravel/framework/src/Illuminate/Container/Util.php(41): Illuminate\\Container\\BoundMethod::Illuminate\\Container\\{closure}()
#19 /mnt/01D9961CD1E189D0/BWS/Hillstay/MyTravel/vendor/laravel/framework/src/Illuminate/Container/BoundMethod.php(93): Illuminate\\Container\\Util::unwrapIfClosure()
#20 /mnt/01D9961CD1E189D0/BWS/Hillstay/MyTravel/vendor/laravel/framework/src/Illuminate/Container/BoundMethod.php(35): Illuminate\\Container\\BoundMethod::callBoundMethod()
#21 /mnt/01D9961CD1E189D0/BWS/Hillstay/MyTravel/vendor/laravel/framework/src/Illuminate/Container/Container.php(661): Illuminate\\Container\\BoundMethod::call()
#22 /mnt/01D9961CD1E189D0/BWS/Hillstay/MyTravel/vendor/laravel/framework/src/Illuminate/Foundation/Application.php(929): Illuminate\\Container\\Container->call()
#23 /mnt/01D9961CD1E189D0/BWS/Hillstay/MyTravel/vendor/laravel/framework/src/Illuminate/Foundation/Application.php(910): Illuminate\\Foundation\\Application->bootProvider()
#24 [internal function]: Illuminate\\Foundation\\Application->Illuminate\\Foundation\\{closure}()
#25 /mnt/01D9961CD1E189D0/BWS/Hillstay/MyTravel/vendor/laravel/framework/src/Illuminate/Foundation/Application.php(909): array_walk()
#26 /mnt/01D9961CD1E189D0/BWS/Hillstay/MyTravel/vendor/laravel/framework/src/Illuminate/Foundation/Bootstrap/BootProviders.php(17): Illuminate\\Foundation\\Application->boot()
#27 /mnt/01D9961CD1E189D0/BWS/Hillstay/MyTravel/vendor/laravel/framework/src/Illuminate/Foundation/Application.php(242): Illuminate\\Foundation\\Bootstrap\\BootProviders->bootstrap()
#28 /mnt/01D9961CD1E189D0/BWS/Hillstay/MyTravel/vendor/laravel/framework/src/Illuminate/Foundation/Http/Kernel.php(176): Illuminate\\Foundation\\Application->bootstrapWith()
#29 /mnt/01D9961CD1E189D0/BWS/Hillstay/MyTravel/vendor/laravel/framework/src/Illuminate/Foundation/Http/Kernel.php(160): Illuminate\\Foundation\\Http\\Kernel->bootstrap()
#30 /mnt/01D9961CD1E189D0/BWS/Hillstay/MyTravel/vendor/laravel/framework/src/Illuminate/Foundation/Http/Kernel.php(134): Illuminate\\Foundation\\Http\\Kernel->sendRequestThroughRouter()
#31 /mnt/01D9961CD1E189D0/BWS/Hillstay/MyTravel/public/index.php(77): Illuminate\\Foundation\\Http\\Kernel->handle()
#32 /home/ahtesham/.config/composer/vendor/cpriego/valet-linux/server.php(239): require('...')
#33 {main}

[previous exception] [object] (PDOException(code: 1698): SQLSTATE[HY000] [1698] Access denied for user 'root'@'localhost' at /mnt/01D9961CD1E189D0/BWS/Hillstay/MyTravel/vendor/laravel/framework/src/Illuminate/Database/Connectors/Connector.php:70)
[stacktrace]
#0 /mnt/01D9961CD1E189D0/BWS/Hillstay/MyTravel/vendor/laravel/framework/src/Illuminate/Database/Connectors/Connector.php(70): PDO->__construct()
#1 /mnt/01D9961CD1E189D0/BWS/Hillstay/MyTravel/vendor/laravel/framework/src/Illuminate/Database/Connectors/Connector.php(45): Illuminate\\Database\\Connectors\\Connector->createPdoConnection()
#2 /mnt/01D9961CD1E189D0/BWS/Hillstay/MyTravel/vendor/laravel/framework/src/Illuminate/Database/Connectors/MySqlConnector.php(24): Illuminate\\Database\\Connectors\\Connector->createConnection()
#3 /mnt/01D9961CD1E189D0/BWS/Hillstay/MyTravel/vendor/laravel/framework/src/Illuminate/Database/Connectors/ConnectionFactory.php(184): Illuminate\\Database\\Connectors\\MySqlConnector->connect()
#4 [internal function]: Illuminate\\Database\\Connectors\\ConnectionFactory->Illuminate\\Database\\Connectors\\{closure}()
#5 /mnt/01D9961CD1E189D0/BWS/Hillstay/MyTravel/vendor/laravel/framework/src/Illuminate/Database/Connection.php(1181): call_user_func()
#6 /mnt/01D9961CD1E189D0/BWS/Hillstay/MyTravel/vendor/laravel/framework/src/Illuminate/Database/Connection.php(1217): Illuminate\\Database\\Connection->getPdo()
#7 /mnt/01D9961CD1E189D0/BWS/Hillstay/MyTravel/vendor/laravel/framework/src/Illuminate/Database/Connection.php(486): Illuminate\\Database\\Connection->getReadPdo()
#8 /mnt/01D9961CD1E189D0/BWS/Hillstay/MyTravel/vendor/laravel/framework/src/Illuminate/Database/Connection.php(414): Illuminate\\Database\\Connection->getPdoForSelect()
#9 /mnt/01D9961CD1E189D0/BWS/Hillstay/MyTravel/vendor/laravel/framework/src/Illuminate/Database/Connection.php(753): Illuminate\\Database\\Connection->Illuminate\\Database\\{closure}()
#10 /mnt/01D9961CD1E189D0/BWS/Hillstay/MyTravel/vendor/laravel/framework/src/Illuminate/Database/Connection.php(720): Illuminate\\Database\\Connection->runQueryCallback()
#11 /mnt/01D9961CD1E189D0/BWS/Hillstay/MyTravel/vendor/laravel/framework/src/Illuminate/Database/Connection.php(405): Illuminate\\Database\\Connection->run()
#12 /mnt/01D9961CD1E189D0/BWS/Hillstay/MyTravel/vendor/laravel/framework/src/Illuminate/Database/Query/Builder.php(2705): Illuminate\\Database\\Connection->select()
#13 /mnt/01D9961CD1E189D0/BWS/Hillstay/MyTravel/vendor/laravel/framework/src/Illuminate/Database/Query/Builder.php(2694): Illuminate\\Database\\Query\\Builder->runSelect()
#14 /mnt/01D9961CD1E189D0/BWS/Hillstay/MyTravel/vendor/laravel/framework/src/Illuminate/Database/Query/Builder.php(3230): Illuminate\\Database\\Query\\Builder->Illuminate\\Database\\Query\\{closure}()
#15 /mnt/01D9961CD1E189D0/BWS/Hillstay/MyTravel/vendor/laravel/framework/src/Illuminate/Database/Query/Builder.php(2693): Illuminate\\Database\\Query\\Builder->onceWithColumns()
#16 /mnt/01D9961CD1E189D0/BWS/Hillstay/MyTravel/vendor/laravel/framework/src/Illuminate/Database/Eloquent/Builder.php(710): Illuminate\\Database\\Query\\Builder->get()
#17 /mnt/01D9961CD1E189D0/BWS/Hillstay/MyTravel/vendor/laravel/framework/src/Illuminate/Database/Eloquent/Builder.php(694): Illuminate\\Database\\Eloquent\\Builder->getModels()
#18 /mnt/01D9961CD1E189D0/BWS/Hillstay/MyTravel/vendor/laravel/framework/src/Illuminate/Database/Concerns/BuildsQueries.php(296): Illuminate\\Database\\Eloquent\\Builder->get()
#19 /mnt/01D9961CD1E189D0/BWS/Hillstay/MyTravel/modules/Core/Models/Settings.php(32): Illuminate\\Database\\Eloquent\\Builder->first()
#20 /mnt/01D9961CD1E189D0/BWS/Hillstay/MyTravel/vendor/laravel/framework/src/Illuminate/Cache/Repository.php(438): Modules\\Core\\Models\\Settings::Modules\\Core\\Models\\{closure}()
#21 /mnt/01D9961CD1E189D0/BWS/Hillstay/MyTravel/vendor/laravel/framework/src/Illuminate/Cache/CacheManager.php(408): Illuminate\\Cache\\Repository->rememberForever()
#22 /mnt/01D9961CD1E189D0/BWS/Hillstay/MyTravel/vendor/laravel/framework/src/Illuminate/Support/Facades/Facade.php(338): Illuminate\\Cache\\CacheManager->__call()
#23 /mnt/01D9961CD1E189D0/BWS/Hillstay/MyTravel/modules/Core/Models/Settings.php(31): Illuminate\\Support\\Facades\\Facade::__callStatic()
#24 /mnt/01D9961CD1E189D0/BWS/Hillstay/MyTravel/app/Helpers/AppHelper.php(18): Modules\\Core\\Models\\Settings::item()
#25 /mnt/01D9961CD1E189D0/BWS/Hillstay/MyTravel/themes/Mytravel/UpdaterProvider.php(24): setting_item()
#26 /mnt/01D9961CD1E189D0/BWS/Hillstay/MyTravel/themes/Mytravel/UpdaterProvider.php(18): Themes\\Mytravel\\UpdaterProvider->runUpdateTo130()
#27 /mnt/01D9961CD1E189D0/BWS/Hillstay/MyTravel/vendor/laravel/framework/src/Illuminate/Container/BoundMethod.php(36): Themes\\Mytravel\\UpdaterProvider->boot()
#28 /mnt/01D9961CD1E189D0/BWS/Hillstay/MyTravel/vendor/laravel/framework/src/Illuminate/Container/Util.php(41): Illuminate\\Container\\BoundMethod::Illuminate\\Container\\{closure}()
#29 /mnt/01D9961CD1E189D0/BWS/Hillstay/MyTravel/vendor/laravel/framework/src/Illuminate/Container/BoundMethod.php(93): Illuminate\\Container\\Util::unwrapIfClosure()
#30 /mnt/01D9961CD1E189D0/BWS/Hillstay/MyTravel/vendor/laravel/framework/src/Illuminate/Container/BoundMethod.php(35): Illuminate\\Container\\BoundMethod::callBoundMethod()
#31 /mnt/01D9961CD1E189D0/BWS/Hillstay/MyTravel/vendor/laravel/framework/src/Illuminate/Container/Container.php(661): Illuminate\\Container\\BoundMethod::call()
#32 /mnt/01D9961CD1E189D0/BWS/Hillstay/MyTravel/vendor/laravel/framework/src/Illuminate/Foundation/Application.php(929): Illuminate\\Container\\Container->call()
#33 /mnt/01D9961CD1E189D0/BWS/Hillstay/MyTravel/vendor/laravel/framework/src/Illuminate/Foundation/Application.php(910): Illuminate\\Foundation\\Application->bootProvider()
#34 [internal function]: Illuminate\\Foundation\\Application->Illuminate\\Foundation\\{closure}()
#35 /mnt/01D9961CD1E189D0/BWS/Hillstay/MyTravel/vendor/laravel/framework/src/Illuminate/Foundation/Application.php(909): array_walk()
#36 /mnt/01D9961CD1E189D0/BWS/Hillstay/MyTravel/vendor/laravel/framework/src/Illuminate/Foundation/Bootstrap/BootProviders.php(17): Illuminate\\Foundation\\Application->boot()
#37 /mnt/01D9961CD1E189D0/BWS/Hillstay/MyTravel/vendor/laravel/framework/src/Illuminate/Foundation/Application.php(242): Illuminate\\Foundation\\Bootstrap\\BootProviders->bootstrap()
#38 /mnt/01D9961CD1E189D0/BWS/Hillstay/MyTravel/vendor/laravel/framework/src/Illuminate/Foundation/Http/Kernel.php(176): Illuminate\\Foundation\\Application->bootstrapWith()
#39 /mnt/01D9961CD1E189D0/BWS/Hillstay/MyTravel/vendor/laravel/framework/src/Illuminate/Foundation/Http/Kernel.php(160): Illuminate\\Foundation\\Http\\Kernel->bootstrap()
#40 /mnt/01D9961CD1E189D0/BWS/Hillstay/MyTravel/vendor/laravel/framework/src/Illuminate/Foundation/Http/Kernel.php(134): Illuminate\\Foundation\\Http\\Kernel->sendRequestThroughRouter()
#41 /mnt/01D9961CD1E189D0/BWS/Hillstay/MyTravel/public/index.php(77): Illuminate\\Foundation\\Http\\Kernel->handle()
#42 /home/ahtesham/.config/composer/vendor/cpriego/valet-linux/server.php(239): require('...')
#43 {main}
"} 
